2025-01-17 14:10:07,690 - INFO - Tarefas agendadas com sucesso.
2025-01-17 14:11:07,744 - INFO - Iniciando pipeline de ETL.
2025-01-17 14:11:07,745 - INFO - Tentando extrair dados da API...
2025-01-17 14:11:08,053 - ERROR - Erro ao extrair dados da API: HTTPSConnectionPool(host='api.exemplo.com', port=443): Max retries exceeded with url: /dados (Caused by SSLError(SSLCertVerificationError(1, "[SSL: CERTIFICATE_VERIFY_FAILED] certificate verify failed: Hostname mismatch, certificate is not valid for 'api.exemplo.com'. (_ssl.c:1018)")))
2025-01-17 14:11:08,069 - INFO - Tentando extrair dados do banco de dados...
2025-01-17 14:11:08,073 - INFO - Dados extraídos do banco de dados com sucesso.
2025-01-17 14:11:08,096 - INFO - Iniciando a transformação de dados...
2025-01-17 14:11:08,108 - INFO - Transformação de dados realizada com sucesso.
2025-01-17 14:11:08,123 - INFO - Dados carregados localmente no arquivo dados_processados_20250117_141108.csv.
2025-01-17 14:11:08,125 - INFO - Verificação de integridade concluída, sem valores ausentes.
2025-01-17 14:11:08,125 - INFO - Limpando arquivos temporários...
2025-01-17 14:11:08,125 - INFO - Arquivos temporários limpos com sucesso.
2025-01-17 14:12:08,177 - INFO - Iniciando pipeline de ETL.
2025-01-17 14:12:08,178 - INFO - Tentando extrair dados da API...
2025-01-17 14:12:08,471 - ERROR - Erro ao extrair dados da API: HTTPSConnectionPool(host='api.exemplo.com', port=443): Max retries exceeded with url: /dados (Caused by SSLError(SSLCertVerificationError(1, "[SSL: CERTIFICATE_VERIFY_FAILED] certificate verify failed: Hostname mismatch, certificate is not valid for 'api.exemplo.com'. (_ssl.c:1018)")))
2025-01-17 14:12:08,472 - INFO - Tentando extrair dados do banco de dados...
2025-01-17 14:12:08,472 - INFO - Dados extraídos do banco de dados com sucesso.
2025-01-17 14:12:08,476 - INFO - Iniciando a transformação de dados...
2025-01-17 14:12:08,478 - INFO - Transformação de dados realizada com sucesso.
2025-01-17 14:12:08,485 - INFO - Dados carregados localmente no arquivo dados_processados_20250117_141208.csv.
2025-01-17 14:12:08,486 - INFO - Verificação de integridade concluída, sem valores ausentes.
2025-01-17 14:12:08,487 - INFO - Limpando arquivos temporários...
2025-01-17 14:12:08,487 - INFO - Arquivos temporários limpos com sucesso.
2025-01-17 14:13:08,715 - INFO - Iniciando pipeline de ETL.
2025-01-17 14:13:08,717 - INFO - Tentando extrair dados da API...
2025-01-17 14:13:09,008 - ERROR - Erro ao extrair dados da API: HTTPSConnectionPool(host='api.exemplo.com', port=443): Max retries exceeded with url: /dados (Caused by SSLError(SSLCertVerificationError(1, "[SSL: CERTIFICATE_VERIFY_FAILED] certificate verify failed: Hostname mismatch, certificate is not valid for 'api.exemplo.com'. (_ssl.c:1018)")))
2025-01-17 14:13:09,009 - INFO - Tentando extrair dados do banco de dados...
2025-01-17 14:13:09,009 - INFO - Dados extraídos do banco de dados com sucesso.
2025-01-17 14:13:09,017 - INFO - Iniciando a transformação de dados...
2025-01-17 14:13:09,019 - INFO - Transformação de dados realizada com sucesso.
2025-01-17 14:13:09,039 - INFO - Dados carregados localmente no arquivo dados_processados_20250117_141309.csv.
2025-01-17 14:13:09,042 - INFO - Verificação de integridade concluída, sem valores ausentes.
2025-01-17 14:13:09,042 - INFO - Limpando arquivos temporários...
2025-01-17 14:13:09,043 - INFO - Arquivos temporários limpos com sucesso.
2025-01-17 14:14:09,202 - INFO - Iniciando pipeline de ETL.
2025-01-17 14:14:09,203 - INFO - Tentando extrair dados da API...
2025-01-17 14:14:09,486 - ERROR - Erro ao extrair dados da API: HTTPSConnectionPool(host='api.exemplo.com', port=443): Max retries exceeded with url: /dados (Caused by SSLError(SSLCertVerificationError(1, "[SSL: CERTIFICATE_VERIFY_FAILED] certificate verify failed: Hostname mismatch, certificate is not valid for 'api.exemplo.com'. (_ssl.c:1018)")))
2025-01-17 14:14:09,486 - INFO - Tentando extrair dados do banco de dados...
2025-01-17 14:14:09,487 - INFO - Dados extraídos do banco de dados com sucesso.
2025-01-17 14:14:09,492 - INFO - Iniciando a transformação de dados...
2025-01-17 14:14:09,494 - INFO - Transformação de dados realizada com sucesso.
2025-01-17 14:14:09,499 - INFO - Dados carregados localmente no arquivo dados_processados_20250117_141409.csv.
2025-01-17 14:14:09,500 - INFO - Verificação de integridade concluída, sem valores ausentes.
2025-01-17 14:14:09,500 - INFO - Limpando arquivos temporários...
2025-01-17 14:14:09,501 - INFO - Arquivos temporários limpos com sucesso.
2025-01-17 14:15:09,531 - INFO - Iniciando pipeline de ETL.
2025-01-17 14:15:09,533 - INFO - Tentando extrair dados da API...
2025-01-17 14:15:09,820 - ERROR - Erro ao extrair dados da API: HTTPSConnectionPool(host='api.exemplo.com', port=443): Max retries exceeded with url: /dados (Caused by SSLError(SSLCertVerificationError(1, "[SSL: CERTIFICATE_VERIFY_FAILED] certificate verify failed: Hostname mismatch, certificate is not valid for 'api.exemplo.com'. (_ssl.c:1018)")))
2025-01-17 14:15:09,822 - INFO - Tentando extrair dados do banco de dados...
2025-01-17 14:15:09,822 - INFO - Dados extraídos do banco de dados com sucesso.
2025-01-17 14:15:09,832 - INFO - Iniciando a transformação de dados...
2025-01-17 14:15:09,835 - INFO - Transformação de dados realizada com sucesso.
2025-01-17 14:15:09,845 - INFO - Dados carregados localmente no arquivo dados_processados_20250117_141509.csv.
2025-01-17 14:15:09,845 - INFO - Verificação de integridade concluída, sem valores ausentes.
2025-01-17 14:15:09,846 - INFO - Limpando arquivos temporários...
2025-01-17 14:15:09,846 - INFO - Arquivos temporários limpos com sucesso.
2025-01-17 14:16:09,879 - INFO - Iniciando pipeline de ETL.
2025-01-17 14:16:09,880 - INFO - Tentando extrair dados da API...
2025-01-17 14:16:10,172 - ERROR - Erro ao extrair dados da API: HTTPSConnectionPool(host='api.exemplo.com', port=443): Max retries exceeded with url: /dados (Caused by SSLError(SSLCertVerificationError(1, "[SSL: CERTIFICATE_VERIFY_FAILED] certificate verify failed: Hostname mismatch, certificate is not valid for 'api.exemplo.com'. (_ssl.c:1018)")))
2025-01-17 14:16:10,173 - INFO - Tentando extrair dados do banco de dados...
2025-01-17 14:16:10,174 - INFO - Dados extraídos do banco de dados com sucesso.
2025-01-17 14:16:10,183 - INFO - Iniciando a transformação de dados...
2025-01-17 14:16:10,187 - INFO - Transformação de dados realizada com sucesso.
2025-01-17 14:16:10,196 - INFO - Dados carregados localmente no arquivo dados_processados_20250117_141610.csv.
2025-01-17 14:16:10,197 - INFO - Verificação de integridade concluída, sem valores ausentes.
2025-01-17 14:16:10,197 - INFO - Limpando arquivos temporários...
2025-01-17 14:16:10,197 - INFO - Arquivos temporários limpos com sucesso.
2025-01-17 14:17:10,231 - INFO - Iniciando pipeline de ETL.
2025-01-17 14:17:10,232 - INFO - Tentando extrair dados da API...
2025-01-17 14:17:10,574 - ERROR - Erro ao extrair dados da API: HTTPSConnectionPool(host='api.exemplo.com', port=443): Max retries exceeded with url: /dados (Caused by SSLError(SSLCertVerificationError(1, "[SSL: CERTIFICATE_VERIFY_FAILED] certificate verify failed: Hostname mismatch, certificate is not valid for 'api.exemplo.com'. (_ssl.c:1018)")))
2025-01-17 14:17:10,575 - INFO - Tentando extrair dados do banco de dados...
2025-01-17 14:17:10,576 - INFO - Dados extraídos do banco de dados com sucesso.
2025-01-17 14:17:10,583 - INFO - Iniciando a transformação de dados...
2025-01-17 14:17:10,587 - INFO - Transformação de dados realizada com sucesso.
2025-01-17 14:17:10,596 - INFO - Dados carregados localmente no arquivo dados_processados_20250117_141710.csv.
2025-01-17 14:17:10,596 - INFO - Verificação de integridade concluída, sem valores ausentes.
2025-01-17 14:17:10,597 - INFO - Limpando arquivos temporários...
2025-01-17 14:17:10,597 - INFO - Arquivos temporários limpos com sucesso.
2025-01-17 14:18:10,633 - INFO - Iniciando pipeline de ETL.
2025-01-17 14:18:10,634 - INFO - Tentando extrair dados da API...
2025-01-17 14:18:10,928 - ERROR - Erro ao extrair dados da API: HTTPSConnectionPool(host='api.exemplo.com', port=443): Max retries exceeded with url: /dados (Caused by SSLError(SSLCertVerificationError(1, "[SSL: CERTIFICATE_VERIFY_FAILED] certificate verify failed: Hostname mismatch, certificate is not valid for 'api.exemplo.com'. (_ssl.c:1018)")))
2025-01-17 14:18:10,929 - INFO - Tentando extrair dados do banco de dados...
2025-01-17 14:18:10,930 - INFO - Dados extraídos do banco de dados com sucesso.
2025-01-17 14:18:10,938 - INFO - Iniciando a transformação de dados...
2025-01-17 14:18:10,941 - INFO - Transformação de dados realizada com sucesso.
2025-01-17 14:18:10,949 - INFO - Dados carregados localmente no arquivo dados_processados_20250117_141810.csv.
2025-01-17 14:18:10,950 - INFO - Verificação de integridade concluída, sem valores ausentes.
2025-01-17 14:18:10,950 - INFO - Limpando arquivos temporários...
2025-01-17 14:18:10,950 - INFO - Arquivos temporários limpos com sucesso.
2025-01-17 14:19:10,985 - INFO - Iniciando pipeline de ETL.
2025-01-17 14:19:10,985 - INFO - Tentando extrair dados da API...
2025-01-17 14:19:11,268 - ERROR - Erro ao extrair dados da API: HTTPSConnectionPool(host='api.exemplo.com', port=443): Max retries exceeded with url: /dados (Caused by SSLError(SSLCertVerificationError(1, "[SSL: CERTIFICATE_VERIFY_FAILED] certificate verify failed: Hostname mismatch, certificate is not valid for 'api.exemplo.com'. (_ssl.c:1018)")))
2025-01-17 14:19:11,269 - INFO - Tentando extrair dados do banco de dados...
2025-01-17 14:19:11,270 - INFO - Dados extraídos do banco de dados com sucesso.
2025-01-17 14:19:11,279 - INFO - Iniciando a transformação de dados...
2025-01-17 14:19:11,282 - INFO - Transformação de dados realizada com sucesso.
2025-01-17 14:19:11,289 - INFO - Dados carregados localmente no arquivo dados_processados_20250117_141911.csv.
2025-01-17 14:19:11,290 - INFO - Verificação de integridade concluída, sem valores ausentes.
2025-01-17 14:19:11,290 - INFO - Limpando arquivos temporários...
2025-01-17 14:19:11,290 - INFO - Arquivos temporários limpos com sucesso.
2025-01-17 14:20:11,331 - INFO - Iniciando pipeline de ETL.
2025-01-17 14:20:11,331 - INFO - Tentando extrair dados da API...
2025-01-17 14:20:11,624 - ERROR - Erro ao extrair dados da API: HTTPSConnectionPool(host='api.exemplo.com', port=443): Max retries exceeded with url: /dados (Caused by SSLError(SSLCertVerificationError(1, "[SSL: CERTIFICATE_VERIFY_FAILED] certificate verify failed: Hostname mismatch, certificate is not valid for 'api.exemplo.com'. (_ssl.c:1018)")))
2025-01-17 14:20:11,625 - INFO - Tentando extrair dados do banco de dados...
2025-01-17 14:20:11,625 - INFO - Dados extraídos do banco de dados com sucesso.
2025-01-17 14:20:11,630 - INFO - Iniciando a transformação de dados...
2025-01-17 14:20:11,633 - INFO - Transformação de dados realizada com sucesso.
2025-01-17 14:20:11,639 - INFO - Dados carregados localmente no arquivo dados_processados_20250117_142011.csv.
2025-01-17 14:20:11,640 - INFO - Verificação de integridade concluída, sem valores ausentes.
2025-01-17 14:20:11,641 - INFO - Limpando arquivos temporários...
2025-01-17 14:20:11,641 - INFO - Arquivos temporários limpos com sucesso.
2025-01-17 14:21:11,962 - INFO - Iniciando pipeline de ETL.
2025-01-17 14:21:11,964 - INFO - Tentando extrair dados da API...
2025-01-17 14:21:12,246 - ERROR - Erro ao extrair dados da API: HTTPSConnectionPool(host='api.exemplo.com', port=443): Max retries exceeded with url: /dados (Caused by SSLError(SSLCertVerificationError(1, "[SSL: CERTIFICATE_VERIFY_FAILED] certificate verify failed: Hostname mismatch, certificate is not valid for 'api.exemplo.com'. (_ssl.c:1018)")))
2025-01-17 14:21:12,247 - INFO - Tentando extrair dados do banco de dados...
2025-01-17 14:21:12,248 - INFO - Dados extraídos do banco de dados com sucesso.
2025-01-17 14:21:12,258 - INFO - Iniciando a transformação de dados...
2025-01-17 14:21:12,261 - INFO - Transformação de dados realizada com sucesso.
2025-01-17 14:21:12,286 - INFO - Dados carregados localmente no arquivo dados_processados_20250117_142112.csv.
2025-01-17 14:21:12,289 - INFO - Verificação de integridade concluída, sem valores ausentes.
2025-01-17 14:21:12,290 - INFO - Limpando arquivos temporários...
2025-01-17 14:21:12,291 - INFO - Arquivos temporários limpos com sucesso.
2025-01-17 14:22:12,320 - INFO - Iniciando pipeline de ETL.
2025-01-17 14:22:12,320 - INFO - Tentando extrair dados da API...
2025-01-17 14:22:12,597 - ERROR - Erro ao extrair dados da API: HTTPSConnectionPool(host='api.exemplo.com', port=443): Max retries exceeded with url: /dados (Caused by SSLError(SSLCertVerificationError(1, "[SSL: CERTIFICATE_VERIFY_FAILED] certificate verify failed: Hostname mismatch, certificate is not valid for 'api.exemplo.com'. (_ssl.c:1018)")))
2025-01-17 14:22:12,598 - INFO - Tentando extrair dados do banco de dados...
2025-01-17 14:22:12,599 - INFO - Dados extraídos do banco de dados com sucesso.
2025-01-17 14:22:12,606 - INFO - Iniciando a transformação de dados...
2025-01-17 14:22:12,609 - INFO - Transformação de dados realizada com sucesso.
2025-01-17 14:22:12,621 - INFO - Dados carregados localmente no arquivo dados_processados_20250117_142212.csv.
2025-01-17 14:22:12,623 - INFO - Verificação de integridade concluída, sem valores ausentes.
2025-01-17 14:22:12,623 - INFO - Limpando arquivos temporários...
2025-01-17 14:22:12,624 - INFO - Arquivos temporários limpos com sucesso.
2025-01-17 14:23:12,651 - INFO - Iniciando pipeline de ETL.
2025-01-17 14:23:12,651 - INFO - Tentando extrair dados da API...
2025-01-17 14:23:12,934 - ERROR - Erro ao extrair dados da API: HTTPSConnectionPool(host='api.exemplo.com', port=443): Max retries exceeded with url: /dados (Caused by SSLError(SSLCertVerificationError(1, "[SSL: CERTIFICATE_VERIFY_FAILED] certificate verify failed: Hostname mismatch, certificate is not valid for 'api.exemplo.com'. (_ssl.c:1018)")))
2025-01-17 14:23:12,934 - INFO - Tentando extrair dados do banco de dados...
2025-01-17 14:23:12,935 - INFO - Dados extraídos do banco de dados com sucesso.
2025-01-17 14:23:12,941 - INFO - Iniciando a transformação de dados...
2025-01-17 14:23:12,943 - INFO - Transformação de dados realizada com sucesso.
2025-01-17 14:23:12,951 - INFO - Dados carregados localmente no arquivo dados_processados_20250117_142312.csv.
2025-01-17 14:23:12,952 - INFO - Verificação de integridade concluída, sem valores ausentes.
2025-01-17 14:23:12,953 - INFO - Limpando arquivos temporários...
2025-01-17 14:23:12,953 - INFO - Arquivos temporários limpos com sucesso.
2025-01-17 14:24:12,991 - INFO - Iniciando pipeline de ETL.
2025-01-17 14:24:12,992 - INFO - Tentando extrair dados da API...
2025-01-17 14:24:13,276 - ERROR - Erro ao extrair dados da API: HTTPSConnectionPool(host='api.exemplo.com', port=443): Max retries exceeded with url: /dados (Caused by SSLError(SSLCertVerificationError(1, "[SSL: CERTIFICATE_VERIFY_FAILED] certificate verify failed: Hostname mismatch, certificate is not valid for 'api.exemplo.com'. (_ssl.c:1018)")))
2025-01-17 14:24:13,277 - INFO - Tentando extrair dados do banco de dados...
2025-01-17 14:24:13,278 - INFO - Dados extraídos do banco de dados com sucesso.
2025-01-17 14:24:13,287 - INFO - Iniciando a transformação de dados...
2025-01-17 14:24:13,291 - INFO - Transformação de dados realizada com sucesso.
2025-01-17 14:24:13,304 - INFO - Dados carregados localmente no arquivo dados_processados_20250117_142413.csv.
2025-01-17 14:24:13,306 - INFO - Verificação de integridade concluída, sem valores ausentes.
2025-01-17 14:24:13,307 - INFO - Limpando arquivos temporários...
2025-01-17 14:24:13,308 - INFO - Arquivos temporários limpos com sucesso.
2025-01-17 14:25:13,367 - INFO - Iniciando pipeline de ETL.
2025-01-17 14:25:13,368 - INFO - Tentando extrair dados da API...
2025-01-17 14:25:13,667 - ERROR - Erro ao extrair dados da API: HTTPSConnectionPool(host='api.exemplo.com', port=443): Max retries exceeded with url: /dados (Caused by SSLError(SSLCertVerificationError(1, "[SSL: CERTIFICATE_VERIFY_FAILED] certificate verify failed: Hostname mismatch, certificate is not valid for 'api.exemplo.com'. (_ssl.c:1018)")))
2025-01-17 14:25:13,668 - INFO - Tentando extrair dados do banco de dados...
2025-01-17 14:25:13,669 - INFO - Dados extraídos do banco de dados com sucesso.
2025-01-17 14:25:13,678 - INFO - Iniciando a transformação de dados...
2025-01-17 14:25:13,682 - INFO - Transformação de dados realizada com sucesso.
2025-01-17 14:25:13,746 - INFO - Dados carregados localmente no arquivo dados_processados_20250117_142513.csv.
2025-01-17 14:25:13,751 - INFO - Verificação de integridade concluída, sem valores ausentes.
2025-01-17 14:25:13,752 - INFO - Limpando arquivos temporários...
2025-01-17 14:25:13,753 - INFO - Arquivos temporários limpos com sucesso.
2025-01-17 14:26:13,789 - INFO - Iniciando pipeline de ETL.
2025-01-17 14:26:13,789 - INFO - Tentando extrair dados da API...
2025-01-17 14:26:14,080 - ERROR - Erro ao extrair dados da API: HTTPSConnectionPool(host='api.exemplo.com', port=443): Max retries exceeded with url: /dados (Caused by SSLError(SSLCertVerificationError(1, "[SSL: CERTIFICATE_VERIFY_FAILED] certificate verify failed: Hostname mismatch, certificate is not valid for 'api.exemplo.com'. (_ssl.c:1018)")))
2025-01-17 14:26:14,081 - INFO - Tentando extrair dados do banco de dados...
2025-01-17 14:26:14,082 - INFO - Dados extraídos do banco de dados com sucesso.
2025-01-17 14:26:14,091 - INFO - Iniciando a transformação de dados...
2025-01-17 14:26:14,094 - INFO - Transformação de dados realizada com sucesso.
2025-01-17 14:26:14,110 - INFO - Dados carregados localmente no arquivo dados_processados_20250117_142614.csv.
2025-01-17 14:26:14,111 - INFO - Verificação de integridade concluída, sem valores ausentes.
2025-01-17 14:26:14,112 - INFO - Limpando arquivos temporários...
2025-01-17 14:26:14,112 - INFO - Arquivos temporários limpos com sucesso.
2025-01-17 14:27:14,144 - INFO - Iniciando pipeline de ETL.
2025-01-17 14:27:14,145 - INFO - Tentando extrair dados da API...
2025-01-17 14:27:14,592 - ERROR - Erro ao extrair dados da API: HTTPSConnectionPool(host='api.exemplo.com', port=443): Max retries exceeded with url: /dados (Caused by SSLError(SSLCertVerificationError(1, "[SSL: CERTIFICATE_VERIFY_FAILED] certificate verify failed: Hostname mismatch, certificate is not valid for 'api.exemplo.com'. (_ssl.c:1018)")))
2025-01-17 14:27:14,593 - INFO - Tentando extrair dados do banco de dados...
2025-01-17 14:27:14,593 - INFO - Dados extraídos do banco de dados com sucesso.
2025-01-17 14:27:14,603 - INFO - Iniciando a transformação de dados...
2025-01-17 14:27:14,607 - INFO - Transformação de dados realizada com sucesso.
2025-01-17 14:27:14,619 - INFO - Dados carregados localmente no arquivo dados_processados_20250117_142714.csv.
2025-01-17 14:27:14,620 - INFO - Verificação de integridade concluída, sem valores ausentes.
2025-01-17 14:27:14,621 - INFO - Limpando arquivos temporários...
2025-01-17 14:27:14,621 - INFO - Arquivos temporários limpos com sucesso.
2025-01-17 14:28:14,650 - INFO - Iniciando pipeline de ETL.
2025-01-17 14:28:14,650 - INFO - Tentando extrair dados da API...
2025-01-17 14:28:14,950 - ERROR - Erro ao extrair dados da API: HTTPSConnectionPool(host='api.exemplo.com', port=443): Max retries exceeded with url: /dados (Caused by SSLError(SSLCertVerificationError(1, "[SSL: CERTIFICATE_VERIFY_FAILED] certificate verify failed: Hostname mismatch, certificate is not valid for 'api.exemplo.com'. (_ssl.c:1018)")))
2025-01-17 14:28:14,951 - INFO - Tentando extrair dados do banco de dados...
2025-01-17 14:28:14,952 - INFO - Dados extraídos do banco de dados com sucesso.
2025-01-17 14:28:14,957 - INFO - Iniciando a transformação de dados...
2025-01-17 14:28:14,959 - INFO - Transformação de dados realizada com sucesso.
2025-01-17 14:28:14,967 - INFO - Dados carregados localmente no arquivo dados_processados_20250117_142814.csv.
2025-01-17 14:28:14,968 - INFO - Verificação de integridade concluída, sem valores ausentes.
2025-01-17 14:28:14,968 - INFO - Limpando arquivos temporários...
2025-01-17 14:28:14,969 - INFO - Arquivos temporários limpos com sucesso.
2025-01-17 14:29:15,053 - INFO - Iniciando pipeline de ETL.
2025-01-17 14:29:15,053 - INFO - Tentando extrair dados da API...
2025-01-17 14:29:15,334 - ERROR - Erro ao extrair dados da API: HTTPSConnectionPool(host='api.exemplo.com', port=443): Max retries exceeded with url: /dados (Caused by SSLError(SSLCertVerificationError(1, "[SSL: CERTIFICATE_VERIFY_FAILED] certificate verify failed: Hostname mismatch, certificate is not valid for 'api.exemplo.com'. (_ssl.c:1018)")))
2025-01-17 14:29:15,335 - INFO - Tentando extrair dados do banco de dados...
2025-01-17 14:29:15,335 - INFO - Dados extraídos do banco de dados com sucesso.
2025-01-17 14:29:15,346 - INFO - Iniciando a transformação de dados...
2025-01-17 14:29:15,351 - INFO - Transformação de dados realizada com sucesso.
2025-01-17 14:29:15,369 - INFO - Dados carregados localmente no arquivo dados_processados_20250117_142915.csv.
2025-01-17 14:29:15,370 - INFO - Verificação de integridade concluída, sem valores ausentes.
2025-01-17 14:29:15,370 - INFO - Limpando arquivos temporários...
2025-01-17 14:29:15,371 - INFO - Arquivos temporários limpos com sucesso.
2025-01-17 14:30:15,417 - INFO - Iniciando pipeline de ETL.
2025-01-17 14:30:15,417 - INFO - Tentando extrair dados da API...
2025-01-17 14:30:15,695 - ERROR - Erro ao extrair dados da API: HTTPSConnectionPool(host='api.exemplo.com', port=443): Max retries exceeded with url: /dados (Caused by SSLError(SSLCertVerificationError(1, "[SSL: CERTIFICATE_VERIFY_FAILED] certificate verify failed: Hostname mismatch, certificate is not valid for 'api.exemplo.com'. (_ssl.c:1018)")))
2025-01-17 14:30:15,697 - INFO - Tentando extrair dados do banco de dados...
2025-01-17 14:30:15,698 - INFO - Dados extraídos do banco de dados com sucesso.
2025-01-17 14:30:15,705 - INFO - Iniciando a transformação de dados...
2025-01-17 14:30:15,707 - INFO - Transformação de dados realizada com sucesso.
2025-01-17 14:30:15,719 - INFO - Dados carregados localmente no arquivo dados_processados_20250117_143015.csv.
2025-01-17 14:30:15,720 - INFO - Verificação de integridade concluída, sem valores ausentes.
2025-01-17 14:30:15,721 - INFO - Limpando arquivos temporários...
2025-01-17 14:30:15,721 - INFO - Arquivos temporários limpos com sucesso.
2025-01-17 14:31:15,785 - INFO - Iniciando pipeline de ETL.
2025-01-17 14:31:15,786 - INFO - Tentando extrair dados da API...
2025-01-17 14:31:16,063 - ERROR - Erro ao extrair dados da API: HTTPSConnectionPool(host='api.exemplo.com', port=443): Max retries exceeded with url: /dados (Caused by SSLError(SSLCertVerificationError(1, "[SSL: CERTIFICATE_VERIFY_FAILED] certificate verify failed: Hostname mismatch, certificate is not valid for 'api.exemplo.com'. (_ssl.c:1018)")))
2025-01-17 14:31:16,064 - INFO - Tentando extrair dados do banco de dados...
2025-01-17 14:31:16,064 - INFO - Dados extraídos do banco de dados com sucesso.
2025-01-17 14:31:16,069 - INFO - Iniciando a transformação de dados...
2025-01-17 14:31:16,071 - INFO - Transformação de dados realizada com sucesso.
2025-01-17 14:31:16,079 - INFO - Dados carregados localmente no arquivo dados_processados_20250117_143116.csv.
2025-01-17 14:31:16,079 - INFO - Verificação de integridade concluída, sem valores ausentes.
2025-01-17 14:31:16,080 - INFO - Limpando arquivos temporários...
2025-01-17 14:31:16,080 - INFO - Arquivos temporários limpos com sucesso.
2025-01-17 14:32:16,084 - INFO - Iniciando pipeline de ETL.
2025-01-17 14:32:16,084 - INFO - Tentando extrair dados da API...
2025-01-17 14:32:16,366 - ERROR - Erro ao extrair dados da API: HTTPSConnectionPool(host='api.exemplo.com', port=443): Max retries exceeded with url: /dados (Caused by SSLError(SSLCertVerificationError(1, "[SSL: CERTIFICATE_VERIFY_FAILED] certificate verify failed: Hostname mismatch, certificate is not valid for 'api.exemplo.com'. (_ssl.c:1018)")))
2025-01-17 14:32:16,367 - INFO - Tentando extrair dados do banco de dados...
2025-01-17 14:32:16,367 - INFO - Dados extraídos do banco de dados com sucesso.
2025-01-17 14:32:16,372 - INFO - Iniciando a transformação de dados...
2025-01-17 14:32:16,374 - INFO - Transformação de dados realizada com sucesso.
2025-01-17 14:32:16,383 - INFO - Dados carregados localmente no arquivo dados_processados_20250117_143216.csv.
2025-01-17 14:32:16,383 - INFO - Verificação de integridade concluída, sem valores ausentes.
2025-01-17 14:32:16,384 - INFO - Limpando arquivos temporários...
2025-01-17 14:32:16,384 - INFO - Arquivos temporários limpos com sucesso.
2025-01-17 14:34:33,835 - INFO - Iniciando pipeline de ETL.
2025-01-17 14:34:33,854 - INFO - Tentando extrair dados da API...
2025-01-17 14:34:34,181 - ERROR - Erro ao extrair dados da API: HTTPSConnectionPool(host='api.exemplo.com', port=443): Max retries exceeded with url: /dados (Caused by SSLError(SSLCertVerificationError(1, "[SSL: CERTIFICATE_VERIFY_FAILED] certificate verify failed: Hostname mismatch, certificate is not valid for 'api.exemplo.com'. (_ssl.c:1018)")))
2025-01-17 14:34:34,182 - INFO - Tentando extrair dados do banco de dados...
2025-01-17 14:34:34,183 - INFO - Dados extraídos do banco de dados com sucesso.
2025-01-17 14:34:34,273 - INFO - Iniciando a transformação de dados...
2025-01-17 14:34:34,297 - INFO - Transformação de dados realizada com sucesso.
2025-01-17 14:34:34,879 - INFO - Dados carregados localmente no arquivo dados_processados_20250117_143434.csv.
2025-01-17 14:34:34,892 - INFO - Verificação de integridade concluída, sem valores ausentes.
2025-01-17 14:34:34,898 - INFO - Limpando arquivos temporários...
2025-01-17 14:34:34,898 - INFO - Arquivos temporários limpos com sucesso.
2025-01-17 14:37:15,681 - INFO - Iniciando pipeline de ETL.
2025-01-17 14:37:15,706 - INFO - Tentando extrair dados da API...
2025-01-17 14:37:16,070 - ERROR - Erro ao extrair dados da API: HTTPSConnectionPool(host='api.exemplo.com', port=443): Max retries exceeded with url: /dados (Caused by SSLError(SSLCertVerificationError(1, "[SSL: CERTIFICATE_VERIFY_FAILED] certificate verify failed: Hostname mismatch, certificate is not valid for 'api.exemplo.com'. (_ssl.c:1018)")))
2025-01-17 14:37:16,071 - INFO - Tentando extrair dados do banco de dados...
2025-01-17 14:37:16,071 - INFO - Dados extraídos do banco de dados com sucesso.
2025-01-17 14:37:16,076 - INFO - Iniciando a transformação de dados...
2025-01-17 14:37:16,079 - INFO - Transformação de dados realizada com sucesso.
2025-01-17 14:37:16,089 - INFO - Dados carregados localmente no arquivo dados_processados_20250117_143716.csv.
2025-01-17 14:37:16,090 - INFO - Verificação de integridade concluída, sem valores ausentes.
2025-01-17 14:37:16,090 - INFO - Limpando arquivos temporários...
2025-01-17 14:37:16,090 - INFO - Arquivos temporários limpos com sucesso.
2025-01-17 14:38:16,135 - INFO - Iniciando pipeline de ETL.
2025-01-17 14:38:16,137 - INFO - Tentando extrair dados da API...
2025-01-17 14:38:18,114 - ERROR - Erro ao extrair dados da API: HTTPSConnectionPool(host='api.exemplo.com', port=443): Max retries exceeded with url: /dados (Caused by SSLError(SSLCertVerificationError(1, "[SSL: CERTIFICATE_VERIFY_FAILED] certificate verify failed: Hostname mismatch, certificate is not valid for 'api.exemplo.com'. (_ssl.c:1018)")))
2025-01-17 14:38:18,114 - INFO - Tentando extrair dados do banco de dados...
2025-01-17 14:38:18,114 - INFO - Dados extraídos do banco de dados com sucesso.
2025-01-17 14:38:18,120 - INFO - Iniciando a transformação de dados...
2025-01-17 14:38:18,122 - INFO - Transformação de dados realizada com sucesso.
2025-01-17 14:38:18,128 - INFO - Dados carregados localmente no arquivo dados_processados_20250117_143818.csv.
2025-01-17 14:38:18,129 - INFO - Verificação de integridade concluída, sem valores ausentes.
2025-01-17 14:38:18,130 - INFO - Limpando arquivos temporários...
2025-01-17 14:38:18,130 - INFO - Arquivos temporários limpos com sucesso.
2025-01-17 14:39:18,166 - INFO - Iniciando pipeline de ETL.
2025-01-17 14:39:18,167 - INFO - Tentando extrair dados da API...
2025-01-17 14:39:18,489 - ERROR - Erro ao extrair dados da API: HTTPSConnectionPool(host='api.exemplo.com', port=443): Max retries exceeded with url: /dados (Caused by SSLError(SSLCertVerificationError(1, "[SSL: CERTIFICATE_VERIFY_FAILED] certificate verify failed: Hostname mismatch, certificate is not valid for 'api.exemplo.com'. (_ssl.c:1018)")))
2025-01-17 14:39:18,490 - INFO - Tentando extrair dados do banco de dados...
2025-01-17 14:39:18,491 - INFO - Dados extraídos do banco de dados com sucesso.
2025-01-17 14:39:18,501 - INFO - Iniciando a transformação de dados...
2025-01-17 14:39:18,505 - INFO - Transformação de dados realizada com sucesso.
2025-01-17 14:39:18,520 - INFO - Dados carregados localmente no arquivo dados_processados_20250117_143918.csv.
2025-01-17 14:39:18,521 - INFO - Verificação de integridade concluída, sem valores ausentes.
2025-01-17 14:39:18,522 - INFO - Limpando arquivos temporários...
2025-01-17 14:39:18,523 - INFO - Arquivos temporários limpos com sucesso.
2025-01-17 14:40:18,554 - INFO - Iniciando pipeline de ETL.
2025-01-17 14:40:18,554 - INFO - Tentando extrair dados da API...
2025-01-17 14:40:18,834 - ERROR - Erro ao extrair dados da API: HTTPSConnectionPool(host='api.exemplo.com', port=443): Max retries exceeded with url: /dados (Caused by SSLError(SSLCertVerificationError(1, "[SSL: CERTIFICATE_VERIFY_FAILED] certificate verify failed: Hostname mismatch, certificate is not valid for 'api.exemplo.com'. (_ssl.c:1018)")))
2025-01-17 14:40:18,835 - INFO - Tentando extrair dados do banco de dados...
2025-01-17 14:40:18,836 - INFO - Dados extraídos do banco de dados com sucesso.
2025-01-17 14:40:18,844 - INFO - Iniciando a transformação de dados...
2025-01-17 14:40:18,847 - INFO - Transformação de dados realizada com sucesso.
2025-01-17 14:40:18,919 - INFO - Dados carregados localmente no arquivo dados_processados_20250117_144018.csv.
2025-01-17 14:40:18,921 - INFO - Verificação de integridade concluída, sem valores ausentes.
2025-01-17 14:40:18,921 - INFO - Limpando arquivos temporários...
2025-01-17 14:40:18,921 - INFO - Arquivos temporários limpos com sucesso.
2025-01-17 14:41:18,954 - INFO - Iniciando pipeline de ETL.
2025-01-17 14:41:18,955 - INFO - Tentando extrair dados da API...
2025-01-17 14:41:19,233 - ERROR - Erro ao extrair dados da API: HTTPSConnectionPool(host='api.exemplo.com', port=443): Max retries exceeded with url: /dados (Caused by SSLError(SSLCertVerificationError(1, "[SSL: CERTIFICATE_VERIFY_FAILED] certificate verify failed: Hostname mismatch, certificate is not valid for 'api.exemplo.com'. (_ssl.c:1018)")))
2025-01-17 14:41:19,235 - INFO - Tentando extrair dados do banco de dados...
2025-01-17 14:41:19,236 - INFO - Dados extraídos do banco de dados com sucesso.
2025-01-17 14:41:19,244 - INFO - Iniciando a transformação de dados...
2025-01-17 14:41:19,246 - INFO - Transformação de dados realizada com sucesso.
2025-01-17 14:41:19,257 - INFO - Dados carregados localmente no arquivo dados_processados_20250117_144119.csv.
2025-01-17 14:41:19,258 - INFO - Verificação de integridade concluída, sem valores ausentes.
2025-01-17 14:41:19,258 - INFO - Limpando arquivos temporários...
2025-01-17 14:41:19,259 - INFO - Arquivos temporários limpos com sucesso.
2025-01-17 14:42:19,294 - INFO - Iniciando pipeline de ETL.
2025-01-17 14:42:19,295 - INFO - Tentando extrair dados da API...
2025-01-17 14:42:19,578 - ERROR - Erro ao extrair dados da API: HTTPSConnectionPool(host='api.exemplo.com', port=443): Max retries exceeded with url: /dados (Caused by SSLError(SSLCertVerificationError(1, "[SSL: CERTIFICATE_VERIFY_FAILED] certificate verify failed: Hostname mismatch, certificate is not valid for 'api.exemplo.com'. (_ssl.c:1018)")))
2025-01-17 14:42:19,580 - INFO - Tentando extrair dados do banco de dados...
2025-01-17 14:42:19,581 - INFO - Dados extraídos do banco de dados com sucesso.
2025-01-17 14:42:19,591 - INFO - Iniciando a transformação de dados...
2025-01-17 14:42:19,595 - INFO - Transformação de dados realizada com sucesso.
2025-01-17 14:42:19,612 - INFO - Dados carregados localmente no arquivo dados_processados_20250117_144219.csv.
2025-01-17 14:42:19,613 - INFO - Verificação de integridade concluída, sem valores ausentes.
2025-01-17 14:42:19,613 - INFO - Limpando arquivos temporários...
2025-01-17 14:42:19,613 - INFO - Arquivos temporários limpos com sucesso.
2025-01-17 14:43:19,648 - INFO - Iniciando pipeline de ETL.
2025-01-17 14:43:19,649 - INFO - Tentando extrair dados da API...
2025-01-17 14:43:19,942 - ERROR - Erro ao extrair dados da API: HTTPSConnectionPool(host='api.exemplo.com', port=443): Max retries exceeded with url: /dados (Caused by SSLError(SSLCertVerificationError(1, "[SSL: CERTIFICATE_VERIFY_FAILED] certificate verify failed: Hostname mismatch, certificate is not valid for 'api.exemplo.com'. (_ssl.c:1018)")))
2025-01-17 14:43:19,943 - INFO - Tentando extrair dados do banco de dados...
2025-01-17 14:43:19,944 - INFO - Dados extraídos do banco de dados com sucesso.
2025-01-17 14:43:19,955 - INFO - Iniciando a transformação de dados...
2025-01-17 14:43:19,958 - INFO - Transformação de dados realizada com sucesso.
2025-01-17 14:43:19,968 - INFO - Dados carregados localmente no arquivo dados_processados_20250117_144319.csv.
2025-01-17 14:43:19,969 - INFO - Verificação de integridade concluída, sem valores ausentes.
2025-01-17 14:43:19,969 - INFO - Limpando arquivos temporários...
2025-01-17 14:43:19,970 - INFO - Arquivos temporários limpos com sucesso.
2025-01-17 14:44:19,997 - INFO - Iniciando pipeline de ETL.
2025-01-17 14:44:19,997 - INFO - Tentando extrair dados da API...
2025-01-17 14:44:20,280 - ERROR - Erro ao extrair dados da API: HTTPSConnectionPool(host='api.exemplo.com', port=443): Max retries exceeded with url: /dados (Caused by SSLError(SSLCertVerificationError(1, "[SSL: CERTIFICATE_VERIFY_FAILED] certificate verify failed: Hostname mismatch, certificate is not valid for 'api.exemplo.com'. (_ssl.c:1018)")))
2025-01-17 14:44:20,280 - INFO - Tentando extrair dados do banco de dados...
2025-01-17 14:44:20,281 - INFO - Dados extraídos do banco de dados com sucesso.
2025-01-17 14:44:20,287 - INFO - Iniciando a transformação de dados...
2025-01-17 14:44:20,290 - INFO - Transformação de dados realizada com sucesso.
2025-01-17 14:44:20,297 - INFO - Dados carregados localmente no arquivo dados_processados_20250117_144420.csv.
2025-01-17 14:44:20,298 - INFO - Verificação de integridade concluída, sem valores ausentes.
2025-01-17 14:44:20,298 - INFO - Limpando arquivos temporários...
2025-01-17 14:44:20,299 - INFO - Arquivos temporários limpos com sucesso.
2025-01-17 14:45:20,327 - INFO - Iniciando pipeline de ETL.
2025-01-17 14:45:20,327 - INFO - Tentando extrair dados da API...
2025-01-17 14:45:20,618 - ERROR - Erro ao extrair dados da API: HTTPSConnectionPool(host='api.exemplo.com', port=443): Max retries exceeded with url: /dados (Caused by SSLError(SSLCertVerificationError(1, "[SSL: CERTIFICATE_VERIFY_FAILED] certificate verify failed: Hostname mismatch, certificate is not valid for 'api.exemplo.com'. (_ssl.c:1018)")))
2025-01-17 14:45:20,619 - INFO - Tentando extrair dados do banco de dados...
2025-01-17 14:45:20,620 - INFO - Dados extraídos do banco de dados com sucesso.
2025-01-17 14:45:20,628 - INFO - Iniciando a transformação de dados...
2025-01-17 14:45:20,630 - INFO - Transformação de dados realizada com sucesso.
2025-01-17 14:45:20,641 - INFO - Dados carregados localmente no arquivo dados_processados_20250117_144520.csv.
2025-01-17 14:45:20,641 - INFO - Verificação de integridade concluída, sem valores ausentes.
2025-01-17 14:45:20,642 - INFO - Limpando arquivos temporários...
2025-01-17 14:45:20,642 - INFO - Arquivos temporários limpos com sucesso.
2025-01-17 14:46:20,671 - INFO - Iniciando pipeline de ETL.
2025-01-17 14:46:20,672 - INFO - Tentando extrair dados da API...
2025-01-17 14:46:20,969 - ERROR - Erro ao extrair dados da API: HTTPSConnectionPool(host='api.exemplo.com', port=443): Max retries exceeded with url: /dados (Caused by SSLError(SSLCertVerificationError(1, "[SSL: CERTIFICATE_VERIFY_FAILED] certificate verify failed: Hostname mismatch, certificate is not valid for 'api.exemplo.com'. (_ssl.c:1018)")))
2025-01-17 14:46:20,969 - INFO - Tentando extrair dados do banco de dados...
2025-01-17 14:46:20,970 - INFO - Dados extraídos do banco de dados com sucesso.
2025-01-17 14:46:20,975 - INFO - Iniciando a transformação de dados...
2025-01-17 14:46:20,978 - INFO - Transformação de dados realizada com sucesso.
2025-01-17 14:46:20,985 - INFO - Dados carregados localmente no arquivo dados_processados_20250117_144620.csv.
2025-01-17 14:46:20,986 - INFO - Verificação de integridade concluída, sem valores ausentes.
2025-01-17 14:46:20,986 - INFO - Limpando arquivos temporários...
2025-01-17 14:46:20,986 - INFO - Arquivos temporários limpos com sucesso.
2025-01-17 14:47:21,013 - INFO - Iniciando pipeline de ETL.
2025-01-17 14:47:21,014 - INFO - Tentando extrair dados da API...
2025-01-17 14:47:21,382 - ERROR - Erro ao extrair dados da API: HTTPSConnectionPool(host='api.exemplo.com', port=443): Max retries exceeded with url: /dados (Caused by SSLError(SSLCertVerificationError(1, "[SSL: CERTIFICATE_VERIFY_FAILED] certificate verify failed: Hostname mismatch, certificate is not valid for 'api.exemplo.com'. (_ssl.c:1018)")))
2025-01-17 14:47:21,382 - INFO - Tentando extrair dados do banco de dados...
2025-01-17 14:47:21,383 - INFO - Dados extraídos do banco de dados com sucesso.
2025-01-17 14:47:21,390 - INFO - Iniciando a transformação de dados...
2025-01-17 14:47:21,392 - INFO - Transformação de dados realizada com sucesso.
2025-01-17 14:47:21,402 - INFO - Dados carregados localmente no arquivo dados_processados_20250117_144721.csv.
2025-01-17 14:47:21,403 - INFO - Verificação de integridade concluída, sem valores ausentes.
2025-01-17 14:47:21,403 - INFO - Limpando arquivos temporários...
2025-01-17 14:47:21,404 - INFO - Arquivos temporários limpos com sucesso.
2025-01-17 14:48:21,437 - INFO - Iniciando pipeline de ETL.
2025-01-17 14:48:21,438 - INFO - Tentando extrair dados da API...
2025-01-17 14:48:21,719 - ERROR - Erro ao extrair dados da API: HTTPSConnectionPool(host='api.exemplo.com', port=443): Max retries exceeded with url: /dados (Caused by SSLError(SSLCertVerificationError(1, "[SSL: CERTIFICATE_VERIFY_FAILED] certificate verify failed: Hostname mismatch, certificate is not valid for 'api.exemplo.com'. (_ssl.c:1018)")))
2025-01-17 14:48:21,720 - INFO - Tentando extrair dados do banco de dados...
2025-01-17 14:48:21,721 - INFO - Dados extraídos do banco de dados com sucesso.
2025-01-17 14:48:21,730 - INFO - Iniciando a transformação de dados...
2025-01-17 14:48:21,733 - INFO - Transformação de dados realizada com sucesso.
2025-01-17 14:48:21,746 - INFO - Dados carregados localmente no arquivo dados_processados_20250117_144821.csv.
2025-01-17 14:48:21,747 - INFO - Verificação de integridade concluída, sem valores ausentes.
2025-01-17 14:48:21,748 - INFO - Limpando arquivos temporários...
2025-01-17 14:48:21,749 - INFO - Arquivos temporários limpos com sucesso.
2025-01-17 14:49:21,781 - INFO - Iniciando pipeline de ETL.
2025-01-17 14:49:21,782 - INFO - Tentando extrair dados da API...
2025-01-17 14:49:22,193 - ERROR - Erro ao extrair dados da API: HTTPSConnectionPool(host='api.exemplo.com', port=443): Max retries exceeded with url: /dados (Caused by SSLError(SSLCertVerificationError(1, "[SSL: CERTIFICATE_VERIFY_FAILED] certificate verify failed: Hostname mismatch, certificate is not valid for 'api.exemplo.com'. (_ssl.c:1018)")))
2025-01-17 14:49:22,194 - INFO - Tentando extrair dados do banco de dados...
2025-01-17 14:49:22,195 - INFO - Dados extraídos do banco de dados com sucesso.
2025-01-17 14:49:22,208 - INFO - Iniciando a transformação de dados...
2025-01-17 14:49:22,212 - INFO - Transformação de dados realizada com sucesso.
2025-01-17 14:49:22,231 - INFO - Dados carregados localmente no arquivo dados_processados_20250117_144922.csv.
2025-01-17 14:49:22,233 - INFO - Verificação de integridade concluída, sem valores ausentes.
2025-01-17 14:49:22,234 - INFO - Limpando arquivos temporários...
2025-01-17 14:49:22,235 - INFO - Arquivos temporários limpos com sucesso.
2025-01-17 14:50:22,280 - INFO - Iniciando pipeline de ETL.
2025-01-17 14:50:22,281 - INFO - Tentando extrair dados da API...
2025-01-17 14:50:22,724 - ERROR - Erro ao extrair dados da API: HTTPSConnectionPool(host='api.exemplo.com', port=443): Max retries exceeded with url: /dados (Caused by SSLError(SSLCertVerificationError(1, "[SSL: CERTIFICATE_VERIFY_FAILED] certificate verify failed: Hostname mismatch, certificate is not valid for 'api.exemplo.com'. (_ssl.c:1018)")))
2025-01-17 14:50:22,725 - INFO - Tentando extrair dados do banco de dados...
2025-01-17 14:50:22,726 - INFO - Dados extraídos do banco de dados com sucesso.
2025-01-17 14:50:22,738 - INFO - Iniciando a transformação de dados...
2025-01-17 14:50:22,742 - INFO - Transformação de dados realizada com sucesso.
2025-01-17 14:50:22,763 - INFO - Dados carregados localmente no arquivo dados_processados_20250117_145022.csv.
2025-01-17 14:50:22,766 - INFO - Verificação de integridade concluída, sem valores ausentes.
2025-01-17 14:50:22,767 - INFO - Limpando arquivos temporários...
2025-01-17 14:50:22,768 - INFO - Arquivos temporários limpos com sucesso.
2025-01-17 14:51:22,801 - INFO - Iniciando pipeline de ETL.
2025-01-17 14:51:22,802 - INFO - Tentando extrair dados da API...
2025-01-17 14:51:23,164 - ERROR - Erro ao extrair dados da API: HTTPSConnectionPool(host='api.exemplo.com', port=443): Max retries exceeded with url: /dados (Caused by SSLError(SSLCertVerificationError(1, "[SSL: CERTIFICATE_VERIFY_FAILED] certificate verify failed: Hostname mismatch, certificate is not valid for 'api.exemplo.com'. (_ssl.c:1018)")))
2025-01-17 14:51:23,165 - INFO - Tentando extrair dados do banco de dados...
2025-01-17 14:51:23,165 - INFO - Dados extraídos do banco de dados com sucesso.
2025-01-17 14:51:23,175 - INFO - Iniciando a transformação de dados...
2025-01-17 14:51:23,180 - INFO - Transformação de dados realizada com sucesso.
2025-01-17 14:51:23,199 - INFO - Dados carregados localmente no arquivo dados_processados_20250117_145123.csv.
2025-01-17 14:51:23,201 - INFO - Verificação de integridade concluída, sem valores ausentes.
2025-01-17 14:51:23,202 - INFO - Limpando arquivos temporários...
2025-01-17 14:51:23,203 - INFO - Arquivos temporários limpos com sucesso.
2025-01-17 14:52:23,247 - INFO - Iniciando pipeline de ETL.
2025-01-17 14:52:23,248 - INFO - Tentando extrair dados da API...
2025-01-17 14:52:23,799 - ERROR - Erro ao extrair dados da API: HTTPSConnectionPool(host='api.exemplo.com', port=443): Max retries exceeded with url: /dados (Caused by SSLError(SSLCertVerificationError(1, "[SSL: CERTIFICATE_VERIFY_FAILED] certificate verify failed: Hostname mismatch, certificate is not valid for 'api.exemplo.com'. (_ssl.c:1018)")))
2025-01-17 14:52:23,800 - INFO - Tentando extrair dados do banco de dados...
2025-01-17 14:52:23,801 - INFO - Dados extraídos do banco de dados com sucesso.
2025-01-17 14:52:23,811 - INFO - Iniciando a transformação de dados...
2025-01-17 14:52:23,815 - INFO - Transformação de dados realizada com sucesso.
2025-01-17 14:52:23,827 - INFO - Dados carregados localmente no arquivo dados_processados_20250117_145223.csv.
2025-01-17 14:52:23,829 - INFO - Verificação de integridade concluída, sem valores ausentes.
2025-01-17 14:52:23,829 - INFO - Limpando arquivos temporários...
2025-01-17 14:52:23,830 - INFO - Arquivos temporários limpos com sucesso.
2025-01-17 14:53:23,879 - INFO - Iniciando pipeline de ETL.
2025-01-17 14:53:23,880 - INFO - Tentando extrair dados da API...
2025-01-17 14:53:24,509 - ERROR - Erro ao extrair dados da API: HTTPSConnectionPool(host='api.exemplo.com', port=443): Max retries exceeded with url: /dados (Caused by SSLError(SSLCertVerificationError(1, "[SSL: CERTIFICATE_VERIFY_FAILED] certificate verify failed: Hostname mismatch, certificate is not valid for 'api.exemplo.com'. (_ssl.c:1018)")))
2025-01-17 14:53:24,510 - INFO - Tentando extrair dados do banco de dados...
2025-01-17 14:53:24,512 - INFO - Dados extraídos do banco de dados com sucesso.
2025-01-17 14:53:24,523 - INFO - Iniciando a transformação de dados...
2025-01-17 14:53:24,528 - INFO - Transformação de dados realizada com sucesso.
2025-01-17 14:53:24,546 - INFO - Dados carregados localmente no arquivo dados_processados_20250117_145324.csv.
2025-01-17 14:53:24,549 - INFO - Verificação de integridade concluída, sem valores ausentes.
2025-01-17 14:53:24,550 - INFO - Limpando arquivos temporários...
2025-01-17 14:53:24,551 - INFO - Arquivos temporários limpos com sucesso.
2025-01-17 14:54:24,668 - INFO - Iniciando pipeline de ETL.
2025-01-17 14:54:24,669 - INFO - Tentando extrair dados da API...
2025-01-17 14:54:25,408 - ERROR - Erro ao extrair dados da API: HTTPSConnectionPool(host='api.exemplo.com', port=443): Max retries exceeded with url: /dados (Caused by SSLError(SSLCertVerificationError(1, "[SSL: CERTIFICATE_VERIFY_FAILED] certificate verify failed: Hostname mismatch, certificate is not valid for 'api.exemplo.com'. (_ssl.c:1018)")))
2025-01-17 14:54:25,410 - INFO - Tentando extrair dados do banco de dados...
2025-01-17 14:54:25,411 - INFO - Dados extraídos do banco de dados com sucesso.
2025-01-17 14:54:25,426 - INFO - Iniciando a transformação de dados...
2025-01-17 14:54:25,431 - INFO - Transformação de dados realizada com sucesso.
2025-01-17 14:54:25,449 - INFO - Dados carregados localmente no arquivo dados_processados_20250117_145425.csv.
2025-01-17 14:54:25,452 - INFO - Verificação de integridade concluída, sem valores ausentes.
2025-01-17 14:54:25,453 - INFO - Limpando arquivos temporários...
2025-01-17 14:54:25,454 - INFO - Arquivos temporários limpos com sucesso.
2025-01-17 14:55:25,531 - INFO - Iniciando pipeline de ETL.
2025-01-17 14:55:25,532 - INFO - Tentando extrair dados da API...
2025-01-17 14:55:26,367 - ERROR - Erro ao extrair dados da API: HTTPSConnectionPool(host='api.exemplo.com', port=443): Max retries exceeded with url: /dados (Caused by SSLError(SSLCertVerificationError(1, "[SSL: CERTIFICATE_VERIFY_FAILED] certificate verify failed: Hostname mismatch, certificate is not valid for 'api.exemplo.com'. (_ssl.c:1018)")))
2025-01-17 14:55:26,368 - INFO - Tentando extrair dados do banco de dados...
2025-01-17 14:55:26,369 - INFO - Dados extraídos do banco de dados com sucesso.
2025-01-17 14:55:26,382 - INFO - Iniciando a transformação de dados...
2025-01-17 14:55:26,388 - INFO - Transformação de dados realizada com sucesso.
2025-01-17 14:55:26,410 - INFO - Dados carregados localmente no arquivo dados_processados_20250117_145526.csv.
2025-01-17 14:55:26,412 - INFO - Verificação de integridade concluída, sem valores ausentes.
2025-01-17 14:55:26,413 - INFO - Limpando arquivos temporários...
2025-01-17 14:55:26,415 - INFO - Arquivos temporários limpos com sucesso.
2025-01-17 14:56:26,501 - INFO - Iniciando pipeline de ETL.
2025-01-17 14:56:26,503 - INFO - Tentando extrair dados da API...
2025-01-17 14:56:26,789 - ERROR - Erro ao extrair dados da API: HTTPSConnectionPool(host='api.exemplo.com', port=443): Max retries exceeded with url: /dados (Caused by SSLError(SSLCertVerificationError(1, "[SSL: CERTIFICATE_VERIFY_FAILED] certificate verify failed: Hostname mismatch, certificate is not valid for 'api.exemplo.com'. (_ssl.c:1018)")))
2025-01-17 14:56:26,791 - INFO - Tentando extrair dados do banco de dados...
2025-01-17 14:56:26,791 - INFO - Dados extraídos do banco de dados com sucesso.
2025-01-17 14:56:26,806 - INFO - Iniciando a transformação de dados...
2025-01-17 14:56:26,811 - INFO - Transformação de dados realizada com sucesso.
2025-01-17 14:56:26,834 - INFO - Dados carregados localmente no arquivo dados_processados_20250117_145626.csv.
2025-01-17 14:56:26,837 - INFO - Verificação de integridade concluída, sem valores ausentes.
2025-01-17 14:56:26,838 - INFO - Limpando arquivos temporários...
2025-01-17 14:56:26,839 - INFO - Arquivos temporários limpos com sucesso.
2025-01-17 14:57:26,874 - INFO - Iniciando pipeline de ETL.
2025-01-17 14:57:26,875 - INFO - Tentando extrair dados da API...
2025-01-17 14:57:31,405 - ERROR - Erro ao extrair dados da API: HTTPSConnectionPool(host='api.exemplo.com', port=443): Max retries exceeded with url: /dados (Caused by SSLError(SSLCertVerificationError(1, "[SSL: CERTIFICATE_VERIFY_FAILED] certificate verify failed: Hostname mismatch, certificate is not valid for 'api.exemplo.com'. (_ssl.c:1018)")))
2025-01-17 14:57:31,406 - INFO - Tentando extrair dados do banco de dados...
2025-01-17 14:57:31,407 - INFO - Dados extraídos do banco de dados com sucesso.
2025-01-17 14:57:31,418 - INFO - Iniciando a transformação de dados...
2025-01-17 14:57:31,423 - INFO - Transformação de dados realizada com sucesso.
2025-01-17 14:57:31,441 - INFO - Dados carregados localmente no arquivo dados_processados_20250117_145731.csv.
2025-01-17 14:57:31,443 - INFO - Verificação de integridade concluída, sem valores ausentes.
2025-01-17 14:57:31,444 - INFO - Limpando arquivos temporários...
2025-01-17 14:57:31,445 - INFO - Arquivos temporários limpos com sucesso.
2025-01-17 14:58:31,501 - INFO - Iniciando pipeline de ETL.
2025-01-17 14:58:31,502 - INFO - Tentando extrair dados da API...
2025-01-17 14:58:31,988 - ERROR - Erro ao extrair dados da API: HTTPSConnectionPool(host='api.exemplo.com', port=443): Max retries exceeded with url: /dados (Caused by SSLError(SSLCertVerificationError(1, "[SSL: CERTIFICATE_VERIFY_FAILED] certificate verify failed: Hostname mismatch, certificate is not valid for 'api.exemplo.com'. (_ssl.c:1018)")))
2025-01-17 14:58:31,989 - INFO - Tentando extrair dados do banco de dados...
2025-01-17 14:58:31,990 - INFO - Dados extraídos do banco de dados com sucesso.
2025-01-17 14:58:32,002 - INFO - Iniciando a transformação de dados...
2025-01-17 14:58:32,005 - INFO - Transformação de dados realizada com sucesso.
2025-01-17 14:58:32,025 - INFO - Dados carregados localmente no arquivo dados_processados_20250117_145832.csv.
2025-01-17 14:58:32,027 - INFO - Verificação de integridade concluída, sem valores ausentes.
2025-01-17 14:58:32,028 - INFO - Limpando arquivos temporários...
2025-01-17 14:58:32,029 - INFO - Arquivos temporários limpos com sucesso.
2025-01-17 14:59:32,628 - INFO - Iniciando pipeline de ETL.
2025-01-17 14:59:32,629 - INFO - Tentando extrair dados da API...
2025-01-17 14:59:32,917 - ERROR - Erro ao extrair dados da API: HTTPSConnectionPool(host='api.exemplo.com', port=443): Max retries exceeded with url: /dados (Caused by SSLError(SSLCertVerificationError(1, "[SSL: CERTIFICATE_VERIFY_FAILED] certificate verify failed: Hostname mismatch, certificate is not valid for 'api.exemplo.com'. (_ssl.c:1018)")))
2025-01-17 14:59:32,918 - INFO - Tentando extrair dados do banco de dados...
2025-01-17 14:59:32,918 - INFO - Dados extraídos do banco de dados com sucesso.
2025-01-17 14:59:32,944 - INFO - Iniciando a transformação de dados...
2025-01-17 14:59:32,948 - INFO - Transformação de dados realizada com sucesso.
2025-01-17 14:59:32,958 - INFO - Dados carregados localmente no arquivo dados_processados_20250117_145932.csv.
2025-01-17 14:59:32,959 - INFO - Verificação de integridade concluída, sem valores ausentes.
2025-01-17 14:59:32,960 - INFO - Limpando arquivos temporários...
2025-01-17 14:59:32,960 - INFO - Arquivos temporários limpos com sucesso.
2025-01-17 15:00:32,991 - INFO - Iniciando pipeline de ETL.
2025-01-17 15:00:32,991 - INFO - Tentando extrair dados da API...
2025-01-17 15:00:33,292 - ERROR - Erro ao extrair dados da API: HTTPSConnectionPool(host='api.exemplo.com', port=443): Max retries exceeded with url: /dados (Caused by SSLError(SSLCertVerificationError(1, "[SSL: CERTIFICATE_VERIFY_FAILED] certificate verify failed: Hostname mismatch, certificate is not valid for 'api.exemplo.com'. (_ssl.c:1018)")))
2025-01-17 15:00:33,293 - INFO - Tentando extrair dados do banco de dados...
2025-01-17 15:00:33,295 - INFO - Dados extraídos do banco de dados com sucesso.
2025-01-17 15:00:33,309 - INFO - Iniciando a transformação de dados...
2025-01-17 15:00:33,312 - INFO - Transformação de dados realizada com sucesso.
2025-01-17 15:00:33,332 - INFO - Dados carregados localmente no arquivo dados_processados_20250117_150033.csv.
2025-01-17 15:00:33,335 - INFO - Verificação de integridade concluída, sem valores ausentes.
2025-01-17 15:00:33,336 - INFO - Limpando arquivos temporários...
2025-01-17 15:00:33,336 - INFO - Arquivos temporários limpos com sucesso.
2025-01-17 15:01:33,373 - INFO - Iniciando pipeline de ETL.
2025-01-17 15:01:33,373 - INFO - Tentando extrair dados da API...
2025-01-17 15:01:33,704 - ERROR - Erro ao extrair dados da API: HTTPSConnectionPool(host='api.exemplo.com', port=443): Max retries exceeded with url: /dados (Caused by SSLError(SSLCertVerificationError(1, "[SSL: CERTIFICATE_VERIFY_FAILED] certificate verify failed: Hostname mismatch, certificate is not valid for 'api.exemplo.com'. (_ssl.c:1018)")))
2025-01-17 15:01:33,705 - INFO - Tentando extrair dados do banco de dados...
2025-01-17 15:01:33,706 - INFO - Dados extraídos do banco de dados com sucesso.
2025-01-17 15:01:33,718 - INFO - Iniciando a transformação de dados...
2025-01-17 15:01:33,723 - INFO - Transformação de dados realizada com sucesso.
2025-01-17 15:01:33,743 - INFO - Dados carregados localmente no arquivo dados_processados_20250117_150133.csv.
2025-01-17 15:01:33,745 - INFO - Verificação de integridade concluída, sem valores ausentes.
2025-01-17 15:01:33,746 - INFO - Limpando arquivos temporários...
2025-01-17 15:01:33,746 - INFO - Arquivos temporários limpos com sucesso.
2025-01-17 15:02:33,856 - INFO - Iniciando pipeline de ETL.
2025-01-17 15:02:33,858 - INFO - Tentando extrair dados da API...
2025-01-17 15:02:34,152 - ERROR - Erro ao extrair dados da API: HTTPSConnectionPool(host='api.exemplo.com', port=443): Max retries exceeded with url: /dados (Caused by SSLError(SSLCertVerificationError(1, "[SSL: CERTIFICATE_VERIFY_FAILED] certificate verify failed: Hostname mismatch, certificate is not valid for 'api.exemplo.com'. (_ssl.c:1018)")))
2025-01-17 15:02:34,153 - INFO - Tentando extrair dados do banco de dados...
2025-01-17 15:02:34,154 - INFO - Dados extraídos do banco de dados com sucesso.
2025-01-17 15:02:34,164 - INFO - Iniciando a transformação de dados...
2025-01-17 15:02:34,168 - INFO - Transformação de dados realizada com sucesso.
2025-01-17 15:02:34,182 - INFO - Dados carregados localmente no arquivo dados_processados_20250117_150234.csv.
2025-01-17 15:02:34,184 - INFO - Verificação de integridade concluída, sem valores ausentes.
2025-01-17 15:02:34,185 - INFO - Limpando arquivos temporários...
2025-01-17 15:02:34,186 - INFO - Arquivos temporários limpos com sucesso.
2025-01-17 15:03:34,271 - INFO - Iniciando pipeline de ETL.
2025-01-17 15:03:34,275 - INFO - Tentando extrair dados da API...
2025-01-17 15:03:34,894 - ERROR - Erro ao extrair dados da API: HTTPSConnectionPool(host='api.exemplo.com', port=443): Max retries exceeded with url: /dados (Caused by SSLError(SSLCertVerificationError(1, "[SSL: CERTIFICATE_VERIFY_FAILED] certificate verify failed: Hostname mismatch, certificate is not valid for 'api.exemplo.com'. (_ssl.c:1018)")))
2025-01-17 15:03:34,896 - INFO - Tentando extrair dados do banco de dados...
2025-01-17 15:03:34,897 - INFO - Dados extraídos do banco de dados com sucesso.
2025-01-17 15:03:34,911 - INFO - Iniciando a transformação de dados...
2025-01-17 15:03:34,915 - INFO - Transformação de dados realizada com sucesso.
2025-01-17 15:03:34,933 - INFO - Dados carregados localmente no arquivo dados_processados_20250117_150334.csv.
2025-01-17 15:03:34,935 - INFO - Verificação de integridade concluída, sem valores ausentes.
2025-01-17 15:03:34,936 - INFO - Limpando arquivos temporários...
2025-01-17 15:03:34,939 - INFO - Arquivos temporários limpos com sucesso.
2025-01-17 15:04:34,985 - INFO - Iniciando pipeline de ETL.
2025-01-17 15:04:34,985 - INFO - Tentando extrair dados da API...
2025-01-17 15:04:35,289 - ERROR - Erro ao extrair dados da API: HTTPSConnectionPool(host='api.exemplo.com', port=443): Max retries exceeded with url: /dados (Caused by SSLError(SSLCertVerificationError(1, "[SSL: CERTIFICATE_VERIFY_FAILED] certificate verify failed: Hostname mismatch, certificate is not valid for 'api.exemplo.com'. (_ssl.c:1018)")))
2025-01-17 15:04:35,290 - INFO - Tentando extrair dados do banco de dados...
2025-01-17 15:04:35,291 - INFO - Dados extraídos do banco de dados com sucesso.
2025-01-17 15:04:35,303 - INFO - Iniciando a transformação de dados...
2025-01-17 15:04:35,306 - INFO - Transformação de dados realizada com sucesso.
2025-01-17 15:04:35,325 - INFO - Dados carregados localmente no arquivo dados_processados_20250117_150435.csv.
2025-01-17 15:04:35,328 - INFO - Verificação de integridade concluída, sem valores ausentes.
2025-01-17 15:04:35,328 - INFO - Limpando arquivos temporários...
2025-01-17 15:04:35,329 - INFO - Arquivos temporários limpos com sucesso.
2025-01-17 15:05:35,363 - INFO - Iniciando pipeline de ETL.
2025-01-17 15:05:35,364 - INFO - Tentando extrair dados da API...
2025-01-17 15:05:35,661 - ERROR - Erro ao extrair dados da API: HTTPSConnectionPool(host='api.exemplo.com', port=443): Max retries exceeded with url: /dados (Caused by SSLError(SSLCertVerificationError(1, "[SSL: CERTIFICATE_VERIFY_FAILED] certificate verify failed: Hostname mismatch, certificate is not valid for 'api.exemplo.com'. (_ssl.c:1018)")))
2025-01-17 15:05:35,662 - INFO - Tentando extrair dados do banco de dados...
2025-01-17 15:05:35,663 - INFO - Dados extraídos do banco de dados com sucesso.
2025-01-17 15:05:35,677 - INFO - Iniciando a transformação de dados...
2025-01-17 15:05:35,680 - INFO - Transformação de dados realizada com sucesso.
2025-01-17 15:05:35,703 - INFO - Dados carregados localmente no arquivo dados_processados_20250117_150535.csv.
2025-01-17 15:05:35,706 - INFO - Verificação de integridade concluída, sem valores ausentes.
2025-01-17 15:05:35,706 - INFO - Limpando arquivos temporários...
2025-01-17 15:05:35,707 - INFO - Arquivos temporários limpos com sucesso.
2025-01-17 15:06:35,771 - INFO - Iniciando pipeline de ETL.
2025-01-17 15:06:35,772 - INFO - Tentando extrair dados da API...
2025-01-17 15:06:36,274 - ERROR - Erro ao extrair dados da API: HTTPSConnectionPool(host='api.exemplo.com', port=443): Max retries exceeded with url: /dados (Caused by SSLError(SSLCertVerificationError(1, "[SSL: CERTIFICATE_VERIFY_FAILED] certificate verify failed: Hostname mismatch, certificate is not valid for 'api.exemplo.com'. (_ssl.c:1018)")))
2025-01-17 15:06:36,275 - INFO - Tentando extrair dados do banco de dados...
2025-01-17 15:06:36,276 - INFO - Dados extraídos do banco de dados com sucesso.
2025-01-17 15:06:36,288 - INFO - Iniciando a transformação de dados...
2025-01-17 15:06:36,293 - INFO - Transformação de dados realizada com sucesso.
2025-01-17 15:06:36,313 - INFO - Dados carregados localmente no arquivo dados_processados_20250117_150636.csv.
2025-01-17 15:06:36,314 - INFO - Verificação de integridade concluída, sem valores ausentes.
2025-01-17 15:06:36,315 - INFO - Limpando arquivos temporários...
2025-01-17 15:06:36,316 - INFO - Arquivos temporários limpos com sucesso.
2025-01-17 15:07:36,395 - INFO - Iniciando pipeline de ETL.
2025-01-17 15:07:36,396 - INFO - Tentando extrair dados da API...
2025-01-17 15:07:36,847 - ERROR - Erro ao extrair dados da API: HTTPSConnectionPool(host='api.exemplo.com', port=443): Max retries exceeded with url: /dados (Caused by SSLError(SSLCertVerificationError(1, "[SSL: CERTIFICATE_VERIFY_FAILED] certificate verify failed: Hostname mismatch, certificate is not valid for 'api.exemplo.com'. (_ssl.c:1018)")))
2025-01-17 15:07:36,848 - INFO - Tentando extrair dados do banco de dados...
2025-01-17 15:07:36,849 - INFO - Dados extraídos do banco de dados com sucesso.
2025-01-17 15:07:36,861 - INFO - Iniciando a transformação de dados...
2025-01-17 15:07:36,865 - INFO - Transformação de dados realizada com sucesso.
2025-01-17 15:07:36,882 - INFO - Dados carregados localmente no arquivo dados_processados_20250117_150736.csv.
2025-01-17 15:07:36,884 - INFO - Verificação de integridade concluída, sem valores ausentes.
2025-01-17 15:07:36,884 - INFO - Limpando arquivos temporários...
2025-01-17 15:07:36,885 - INFO - Arquivos temporários limpos com sucesso.
2025-01-17 15:08:36,989 - INFO - Iniciando pipeline de ETL.
2025-01-17 15:08:36,991 - INFO - Tentando extrair dados da API...
2025-01-17 15:08:37,281 - ERROR - Erro ao extrair dados da API: HTTPSConnectionPool(host='api.exemplo.com', port=443): Max retries exceeded with url: /dados (Caused by SSLError(SSLCertVerificationError(1, "[SSL: CERTIFICATE_VERIFY_FAILED] certificate verify failed: Hostname mismatch, certificate is not valid for 'api.exemplo.com'. (_ssl.c:1018)")))
2025-01-17 15:08:37,282 - INFO - Tentando extrair dados do banco de dados...
2025-01-17 15:08:37,283 - INFO - Dados extraídos do banco de dados com sucesso.
2025-01-17 15:08:37,294 - INFO - Iniciando a transformação de dados...
2025-01-17 15:08:37,300 - INFO - Transformação de dados realizada com sucesso.
2025-01-17 15:08:37,318 - INFO - Dados carregados localmente no arquivo dados_processados_20250117_150837.csv.
2025-01-17 15:08:37,320 - INFO - Verificação de integridade concluída, sem valores ausentes.
2025-01-17 15:08:37,321 - INFO - Limpando arquivos temporários...
2025-01-17 15:08:37,321 - INFO - Arquivos temporários limpos com sucesso.
2025-01-17 15:09:37,406 - INFO - Iniciando pipeline de ETL.
2025-01-17 15:09:37,407 - INFO - Tentando extrair dados da API...
2025-01-17 15:09:37,707 - ERROR - Erro ao extrair dados da API: HTTPSConnectionPool(host='api.exemplo.com', port=443): Max retries exceeded with url: /dados (Caused by SSLError(SSLCertVerificationError(1, "[SSL: CERTIFICATE_VERIFY_FAILED] certificate verify failed: Hostname mismatch, certificate is not valid for 'api.exemplo.com'. (_ssl.c:1018)")))
2025-01-17 15:09:37,708 - INFO - Tentando extrair dados do banco de dados...
2025-01-17 15:09:37,709 - INFO - Dados extraídos do banco de dados com sucesso.
2025-01-17 15:09:37,720 - INFO - Iniciando a transformação de dados...
2025-01-17 15:09:37,725 - INFO - Transformação de dados realizada com sucesso.
2025-01-17 15:09:37,742 - INFO - Dados carregados localmente no arquivo dados_processados_20250117_150937.csv.
2025-01-17 15:09:37,745 - INFO - Verificação de integridade concluída, sem valores ausentes.
2025-01-17 15:09:37,746 - INFO - Limpando arquivos temporários...
2025-01-17 15:09:37,748 - INFO - Arquivos temporários limpos com sucesso.
2025-01-17 15:10:37,917 - INFO - Iniciando pipeline de ETL.
2025-01-17 15:10:37,919 - INFO - Tentando extrair dados da API...
2025-01-17 15:10:38,211 - ERROR - Erro ao extrair dados da API: HTTPSConnectionPool(host='api.exemplo.com', port=443): Max retries exceeded with url: /dados (Caused by SSLError(SSLCertVerificationError(1, "[SSL: CERTIFICATE_VERIFY_FAILED] certificate verify failed: Hostname mismatch, certificate is not valid for 'api.exemplo.com'. (_ssl.c:1018)")))
2025-01-17 15:10:38,212 - INFO - Tentando extrair dados do banco de dados...
2025-01-17 15:10:38,213 - INFO - Dados extraídos do banco de dados com sucesso.
2025-01-17 15:10:38,227 - INFO - Iniciando a transformação de dados...
2025-01-17 15:10:38,232 - INFO - Transformação de dados realizada com sucesso.
2025-01-17 15:10:38,258 - INFO - Dados carregados localmente no arquivo dados_processados_20250117_151038.csv.
2025-01-17 15:10:38,262 - INFO - Verificação de integridade concluída, sem valores ausentes.
2025-01-17 15:10:38,264 - INFO - Limpando arquivos temporários...
2025-01-17 15:10:38,265 - INFO - Arquivos temporários limpos com sucesso.
2025-01-17 15:11:38,469 - INFO - Iniciando pipeline de ETL.
2025-01-17 15:11:38,470 - INFO - Tentando extrair dados da API...
2025-01-17 15:11:38,782 - ERROR - Erro ao extrair dados da API: HTTPSConnectionPool(host='api.exemplo.com', port=443): Max retries exceeded with url: /dados (Caused by SSLError(SSLCertVerificationError(1, "[SSL: CERTIFICATE_VERIFY_FAILED] certificate verify failed: Hostname mismatch, certificate is not valid for 'api.exemplo.com'. (_ssl.c:1018)")))
2025-01-17 15:11:38,783 - INFO - Tentando extrair dados do banco de dados...
2025-01-17 15:11:38,784 - INFO - Dados extraídos do banco de dados com sucesso.
2025-01-17 15:11:38,794 - INFO - Iniciando a transformação de dados...
2025-01-17 15:11:38,799 - INFO - Transformação de dados realizada com sucesso.
2025-01-17 15:11:38,816 - INFO - Dados carregados localmente no arquivo dados_processados_20250117_151138.csv.
2025-01-17 15:11:38,819 - INFO - Verificação de integridade concluída, sem valores ausentes.
2025-01-17 15:11:38,820 - INFO - Limpando arquivos temporários...
2025-01-17 15:11:38,821 - INFO - Arquivos temporários limpos com sucesso.
2025-01-17 15:12:38,884 - INFO - Iniciando pipeline de ETL.
2025-01-17 15:12:38,885 - INFO - Tentando extrair dados da API...
2025-01-17 15:12:39,180 - ERROR - Erro ao extrair dados da API: HTTPSConnectionPool(host='api.exemplo.com', port=443): Max retries exceeded with url: /dados (Caused by SSLError(SSLCertVerificationError(1, "[SSL: CERTIFICATE_VERIFY_FAILED] certificate verify failed: Hostname mismatch, certificate is not valid for 'api.exemplo.com'. (_ssl.c:1018)")))
2025-01-17 15:12:39,181 - INFO - Tentando extrair dados do banco de dados...
2025-01-17 15:12:39,182 - INFO - Dados extraídos do banco de dados com sucesso.
2025-01-17 15:12:39,195 - INFO - Iniciando a transformação de dados...
2025-01-17 15:12:39,199 - INFO - Transformação de dados realizada com sucesso.
2025-01-17 15:12:39,223 - INFO - Dados carregados localmente no arquivo dados_processados_20250117_151239.csv.
2025-01-17 15:12:39,226 - INFO - Verificação de integridade concluída, sem valores ausentes.
2025-01-17 15:12:39,227 - INFO - Limpando arquivos temporários...
2025-01-17 15:12:39,227 - INFO - Arquivos temporários limpos com sucesso.
2025-01-17 15:13:39,305 - INFO - Iniciando pipeline de ETL.
2025-01-17 15:13:39,306 - INFO - Tentando extrair dados da API...
2025-01-17 15:13:39,625 - ERROR - Erro ao extrair dados da API: HTTPSConnectionPool(host='api.exemplo.com', port=443): Max retries exceeded with url: /dados (Caused by SSLError(SSLCertVerificationError(1, "[SSL: CERTIFICATE_VERIFY_FAILED] certificate verify failed: Hostname mismatch, certificate is not valid for 'api.exemplo.com'. (_ssl.c:1018)")))
2025-01-17 15:13:39,627 - INFO - Tentando extrair dados do banco de dados...
2025-01-17 15:13:39,628 - INFO - Dados extraídos do banco de dados com sucesso.
2025-01-17 15:13:39,639 - INFO - Iniciando a transformação de dados...
2025-01-17 15:13:39,642 - INFO - Transformação de dados realizada com sucesso.
2025-01-17 15:13:39,661 - INFO - Dados carregados localmente no arquivo dados_processados_20250117_151339.csv.
2025-01-17 15:13:39,665 - INFO - Verificação de integridade concluída, sem valores ausentes.
2025-01-17 15:13:39,665 - INFO - Limpando arquivos temporários...
2025-01-17 15:13:39,667 - INFO - Arquivos temporários limpos com sucesso.
2025-01-17 15:14:39,821 - INFO - Iniciando pipeline de ETL.
2025-01-17 15:14:39,822 - INFO - Tentando extrair dados da API...
2025-01-17 15:14:40,121 - ERROR - Erro ao extrair dados da API: HTTPSConnectionPool(host='api.exemplo.com', port=443): Max retries exceeded with url: /dados (Caused by SSLError(SSLCertVerificationError(1, "[SSL: CERTIFICATE_VERIFY_FAILED] certificate verify failed: Hostname mismatch, certificate is not valid for 'api.exemplo.com'. (_ssl.c:1018)")))
2025-01-17 15:14:40,123 - INFO - Tentando extrair dados do banco de dados...
2025-01-17 15:14:40,124 - INFO - Dados extraídos do banco de dados com sucesso.
2025-01-17 15:14:40,141 - INFO - Iniciando a transformação de dados...
2025-01-17 15:14:40,146 - INFO - Transformação de dados realizada com sucesso.
2025-01-17 15:14:40,173 - INFO - Dados carregados localmente no arquivo dados_processados_20250117_151440.csv.
2025-01-17 15:14:40,176 - INFO - Verificação de integridade concluída, sem valores ausentes.
2025-01-17 15:14:40,177 - INFO - Limpando arquivos temporários...
2025-01-17 15:14:40,182 - INFO - Arquivos temporários limpos com sucesso.
2025-01-17 15:15:40,429 - INFO - Iniciando pipeline de ETL.
2025-01-17 15:15:40,430 - INFO - Tentando extrair dados da API...
2025-01-17 15:15:40,727 - ERROR - Erro ao extrair dados da API: HTTPSConnectionPool(host='api.exemplo.com', port=443): Max retries exceeded with url: /dados (Caused by SSLError(SSLCertVerificationError(1, "[SSL: CERTIFICATE_VERIFY_FAILED] certificate verify failed: Hostname mismatch, certificate is not valid for 'api.exemplo.com'. (_ssl.c:1018)")))
2025-01-17 15:15:40,729 - INFO - Tentando extrair dados do banco de dados...
2025-01-17 15:15:40,729 - INFO - Dados extraídos do banco de dados com sucesso.
2025-01-17 15:15:40,740 - INFO - Iniciando a transformação de dados...
2025-01-17 15:15:40,744 - INFO - Transformação de dados realizada com sucesso.
2025-01-17 15:15:40,764 - INFO - Dados carregados localmente no arquivo dados_processados_20250117_151540.csv.
2025-01-17 15:15:40,766 - INFO - Verificação de integridade concluída, sem valores ausentes.
2025-01-17 15:15:40,767 - INFO - Limpando arquivos temporários...
2025-01-17 15:15:40,768 - INFO - Arquivos temporários limpos com sucesso.
2025-01-17 15:16:40,851 - INFO - Iniciando pipeline de ETL.
2025-01-17 15:16:40,852 - INFO - Tentando extrair dados da API...
2025-01-17 15:16:41,177 - ERROR - Erro ao extrair dados da API: HTTPSConnectionPool(host='api.exemplo.com', port=443): Max retries exceeded with url: /dados (Caused by SSLError(SSLCertVerificationError(1, "[SSL: CERTIFICATE_VERIFY_FAILED] certificate verify failed: Hostname mismatch, certificate is not valid for 'api.exemplo.com'. (_ssl.c:1018)")))
2025-01-17 15:16:41,182 - INFO - Tentando extrair dados do banco de dados...
2025-01-17 15:16:41,183 - INFO - Dados extraídos do banco de dados com sucesso.
2025-01-17 15:16:41,195 - INFO - Iniciando a transformação de dados...
2025-01-17 15:16:41,200 - INFO - Transformação de dados realizada com sucesso.
2025-01-17 15:16:41,221 - INFO - Dados carregados localmente no arquivo dados_processados_20250117_151641.csv.
2025-01-17 15:16:41,224 - INFO - Verificação de integridade concluída, sem valores ausentes.
2025-01-17 15:16:41,225 - INFO - Limpando arquivos temporários...
2025-01-17 15:16:41,226 - INFO - Arquivos temporários limpos com sucesso.
2025-01-17 15:17:41,259 - INFO - Iniciando pipeline de ETL.
2025-01-17 15:17:41,260 - INFO - Tentando extrair dados da API...
2025-01-17 15:17:41,681 - ERROR - Erro ao extrair dados da API: HTTPSConnectionPool(host='api.exemplo.com', port=443): Max retries exceeded with url: /dados (Caused by SSLError(SSLCertVerificationError(1, "[SSL: CERTIFICATE_VERIFY_FAILED] certificate verify failed: Hostname mismatch, certificate is not valid for 'api.exemplo.com'. (_ssl.c:1018)")))
2025-01-17 15:17:41,682 - INFO - Tentando extrair dados do banco de dados...
2025-01-17 15:17:41,683 - INFO - Dados extraídos do banco de dados com sucesso.
2025-01-17 15:17:41,695 - INFO - Iniciando a transformação de dados...
2025-01-17 15:17:41,700 - INFO - Transformação de dados realizada com sucesso.
2025-01-17 15:17:41,718 - INFO - Dados carregados localmente no arquivo dados_processados_20250117_151741.csv.
2025-01-17 15:17:41,719 - INFO - Verificação de integridade concluída, sem valores ausentes.
2025-01-17 15:17:41,720 - INFO - Limpando arquivos temporários...
2025-01-17 15:17:41,721 - INFO - Arquivos temporários limpos com sucesso.
2025-01-17 15:18:41,772 - INFO - Iniciando pipeline de ETL.
2025-01-17 15:18:41,773 - INFO - Tentando extrair dados da API...
2025-01-17 15:18:42,092 - ERROR - Erro ao extrair dados da API: HTTPSConnectionPool(host='api.exemplo.com', port=443): Max retries exceeded with url: /dados (Caused by SSLError(SSLCertVerificationError(1, "[SSL: CERTIFICATE_VERIFY_FAILED] certificate verify failed: Hostname mismatch, certificate is not valid for 'api.exemplo.com'. (_ssl.c:1018)")))
2025-01-17 15:18:42,093 - INFO - Tentando extrair dados do banco de dados...
2025-01-17 15:18:42,094 - INFO - Dados extraídos do banco de dados com sucesso.
2025-01-17 15:18:42,106 - INFO - Iniciando a transformação de dados...
2025-01-17 15:18:42,111 - INFO - Transformação de dados realizada com sucesso.
2025-01-17 15:18:42,130 - INFO - Dados carregados localmente no arquivo dados_processados_20250117_151842.csv.
2025-01-17 15:18:42,132 - INFO - Verificação de integridade concluída, sem valores ausentes.
2025-01-17 15:18:42,133 - INFO - Limpando arquivos temporários...
2025-01-17 15:18:42,133 - INFO - Arquivos temporários limpos com sucesso.
2025-01-17 15:19:42,188 - INFO - Iniciando pipeline de ETL.
2025-01-17 15:19:42,189 - INFO - Tentando extrair dados da API...
2025-01-17 15:19:42,484 - ERROR - Erro ao extrair dados da API: HTTPSConnectionPool(host='api.exemplo.com', port=443): Max retries exceeded with url: /dados (Caused by SSLError(SSLCertVerificationError(1, "[SSL: CERTIFICATE_VERIFY_FAILED] certificate verify failed: Hostname mismatch, certificate is not valid for 'api.exemplo.com'. (_ssl.c:1018)")))
2025-01-17 15:19:42,486 - INFO - Tentando extrair dados do banco de dados...
2025-01-17 15:19:42,487 - INFO - Dados extraídos do banco de dados com sucesso.
2025-01-17 15:19:42,499 - INFO - Iniciando a transformação de dados...
2025-01-17 15:19:42,504 - INFO - Transformação de dados realizada com sucesso.
2025-01-17 15:19:42,521 - INFO - Dados carregados localmente no arquivo dados_processados_20250117_151942.csv.
2025-01-17 15:19:42,523 - INFO - Verificação de integridade concluída, sem valores ausentes.
2025-01-17 15:19:42,524 - INFO - Limpando arquivos temporários...
2025-01-17 15:19:42,525 - INFO - Arquivos temporários limpos com sucesso.
2025-01-17 15:20:42,591 - INFO - Iniciando pipeline de ETL.
2025-01-17 15:20:42,592 - INFO - Tentando extrair dados da API...
2025-01-17 15:20:42,882 - ERROR - Erro ao extrair dados da API: HTTPSConnectionPool(host='api.exemplo.com', port=443): Max retries exceeded with url: /dados (Caused by SSLError(SSLCertVerificationError(1, "[SSL: CERTIFICATE_VERIFY_FAILED] certificate verify failed: Hostname mismatch, certificate is not valid for 'api.exemplo.com'. (_ssl.c:1018)")))
2025-01-17 15:20:42,883 - INFO - Tentando extrair dados do banco de dados...
2025-01-17 15:20:42,884 - INFO - Dados extraídos do banco de dados com sucesso.
2025-01-17 15:20:42,896 - INFO - Iniciando a transformação de dados...
2025-01-17 15:20:42,900 - INFO - Transformação de dados realizada com sucesso.
2025-01-17 15:20:42,922 - INFO - Dados carregados localmente no arquivo dados_processados_20250117_152042.csv.
2025-01-17 15:20:42,925 - INFO - Verificação de integridade concluída, sem valores ausentes.
2025-01-17 15:20:42,926 - INFO - Limpando arquivos temporários...
2025-01-17 15:20:42,926 - INFO - Arquivos temporários limpos com sucesso.
2025-01-17 15:21:43,201 - INFO - Iniciando pipeline de ETL.
2025-01-17 15:21:43,202 - INFO - Tentando extrair dados da API...
2025-01-17 15:21:43,493 - ERROR - Erro ao extrair dados da API: HTTPSConnectionPool(host='api.exemplo.com', port=443): Max retries exceeded with url: /dados (Caused by SSLError(SSLCertVerificationError(1, "[SSL: CERTIFICATE_VERIFY_FAILED] certificate verify failed: Hostname mismatch, certificate is not valid for 'api.exemplo.com'. (_ssl.c:1018)")))
2025-01-17 15:21:43,496 - INFO - Tentando extrair dados do banco de dados...
2025-01-17 15:21:43,497 - INFO - Dados extraídos do banco de dados com sucesso.
2025-01-17 15:21:43,511 - INFO - Iniciando a transformação de dados...
2025-01-17 15:21:43,517 - INFO - Transformação de dados realizada com sucesso.
2025-01-17 15:21:43,533 - INFO - Dados carregados localmente no arquivo dados_processados_20250117_152143.csv.
2025-01-17 15:21:43,536 - INFO - Verificação de integridade concluída, sem valores ausentes.
2025-01-17 15:21:43,537 - INFO - Limpando arquivos temporários...
2025-01-17 15:21:43,538 - INFO - Arquivos temporários limpos com sucesso.
2025-01-17 15:22:43,616 - INFO - Iniciando pipeline de ETL.
2025-01-17 15:22:43,618 - INFO - Tentando extrair dados da API...
2025-01-17 15:22:43,905 - ERROR - Erro ao extrair dados da API: HTTPSConnectionPool(host='api.exemplo.com', port=443): Max retries exceeded with url: /dados (Caused by SSLError(SSLCertVerificationError(1, "[SSL: CERTIFICATE_VERIFY_FAILED] certificate verify failed: Hostname mismatch, certificate is not valid for 'api.exemplo.com'. (_ssl.c:1018)")))
2025-01-17 15:22:43,906 - INFO - Tentando extrair dados do banco de dados...
2025-01-17 15:22:43,907 - INFO - Dados extraídos do banco de dados com sucesso.
2025-01-17 15:22:43,919 - INFO - Iniciando a transformação de dados...
2025-01-17 15:22:43,924 - INFO - Transformação de dados realizada com sucesso.
2025-01-17 15:22:43,947 - INFO - Dados carregados localmente no arquivo dados_processados_20250117_152243.csv.
2025-01-17 15:22:43,950 - INFO - Verificação de integridade concluída, sem valores ausentes.
2025-01-17 15:22:43,951 - INFO - Limpando arquivos temporários...
2025-01-17 15:22:43,951 - INFO - Arquivos temporários limpos com sucesso.
2025-01-17 15:23:44,036 - INFO - Iniciando pipeline de ETL.
2025-01-17 15:23:44,037 - INFO - Tentando extrair dados da API...
2025-01-17 15:23:44,319 - ERROR - Erro ao extrair dados da API: HTTPSConnectionPool(host='api.exemplo.com', port=443): Max retries exceeded with url: /dados (Caused by SSLError(SSLCertVerificationError(1, "[SSL: CERTIFICATE_VERIFY_FAILED] certificate verify failed: Hostname mismatch, certificate is not valid for 'api.exemplo.com'. (_ssl.c:1018)")))
2025-01-17 15:23:44,320 - INFO - Tentando extrair dados do banco de dados...
2025-01-17 15:23:44,321 - INFO - Dados extraídos do banco de dados com sucesso.
2025-01-17 15:23:44,334 - INFO - Iniciando a transformação de dados...
2025-01-17 15:23:44,339 - INFO - Transformação de dados realizada com sucesso.
2025-01-17 15:23:44,369 - INFO - Dados carregados localmente no arquivo dados_processados_20250117_152344.csv.
2025-01-17 15:23:44,371 - INFO - Verificação de integridade concluída, sem valores ausentes.
2025-01-17 15:23:44,372 - INFO - Limpando arquivos temporários...
2025-01-17 15:23:44,373 - INFO - Arquivos temporários limpos com sucesso.
2025-01-17 15:24:44,592 - INFO - Iniciando pipeline de ETL.
2025-01-17 15:24:44,594 - INFO - Tentando extrair dados da API...
2025-01-17 15:24:44,886 - ERROR - Erro ao extrair dados da API: HTTPSConnectionPool(host='api.exemplo.com', port=443): Max retries exceeded with url: /dados (Caused by SSLError(SSLCertVerificationError(1, "[SSL: CERTIFICATE_VERIFY_FAILED] certificate verify failed: Hostname mismatch, certificate is not valid for 'api.exemplo.com'. (_ssl.c:1018)")))
2025-01-17 15:24:44,889 - INFO - Tentando extrair dados do banco de dados...
2025-01-17 15:24:44,890 - INFO - Dados extraídos do banco de dados com sucesso.
2025-01-17 15:24:44,902 - INFO - Iniciando a transformação de dados...
2025-01-17 15:24:44,907 - INFO - Transformação de dados realizada com sucesso.
2025-01-17 15:24:44,927 - INFO - Dados carregados localmente no arquivo dados_processados_20250117_152444.csv.
2025-01-17 15:24:44,929 - INFO - Verificação de integridade concluída, sem valores ausentes.
2025-01-17 15:24:44,929 - INFO - Limpando arquivos temporários...
2025-01-17 15:24:44,930 - INFO - Arquivos temporários limpos com sucesso.
2025-01-17 15:25:44,991 - INFO - Iniciando pipeline de ETL.
2025-01-17 15:25:44,992 - INFO - Tentando extrair dados da API...
2025-01-17 15:25:45,320 - ERROR - Erro ao extrair dados da API: HTTPSConnectionPool(host='api.exemplo.com', port=443): Max retries exceeded with url: /dados (Caused by SSLError(SSLCertVerificationError(1, "[SSL: CERTIFICATE_VERIFY_FAILED] certificate verify failed: Hostname mismatch, certificate is not valid for 'api.exemplo.com'. (_ssl.c:1018)")))
2025-01-17 15:25:45,322 - INFO - Tentando extrair dados do banco de dados...
2025-01-17 15:25:45,324 - INFO - Dados extraídos do banco de dados com sucesso.
2025-01-17 15:25:45,337 - INFO - Iniciando a transformação de dados...
2025-01-17 15:25:45,342 - INFO - Transformação de dados realizada com sucesso.
2025-01-17 15:25:45,361 - INFO - Dados carregados localmente no arquivo dados_processados_20250117_152545.csv.
2025-01-17 15:25:45,366 - INFO - Verificação de integridade concluída, sem valores ausentes.
2025-01-17 15:25:45,367 - INFO - Limpando arquivos temporários...
2025-01-17 15:25:45,368 - INFO - Arquivos temporários limpos com sucesso.
2025-01-17 15:26:45,406 - INFO - Iniciando pipeline de ETL.
2025-01-17 15:26:45,407 - INFO - Tentando extrair dados da API...
2025-01-17 15:26:45,725 - ERROR - Erro ao extrair dados da API: HTTPSConnectionPool(host='api.exemplo.com', port=443): Max retries exceeded with url: /dados (Caused by SSLError(SSLCertVerificationError(1, "[SSL: CERTIFICATE_VERIFY_FAILED] certificate verify failed: Hostname mismatch, certificate is not valid for 'api.exemplo.com'. (_ssl.c:1018)")))
2025-01-17 15:26:45,727 - INFO - Tentando extrair dados do banco de dados...
2025-01-17 15:26:45,727 - INFO - Dados extraídos do banco de dados com sucesso.
2025-01-17 15:26:45,742 - INFO - Iniciando a transformação de dados...
2025-01-17 15:26:45,746 - INFO - Transformação de dados realizada com sucesso.
2025-01-17 15:26:45,774 - INFO - Dados carregados localmente no arquivo dados_processados_20250117_152645.csv.
2025-01-17 15:26:45,776 - INFO - Verificação de integridade concluída, sem valores ausentes.
2025-01-17 15:26:45,776 - INFO - Limpando arquivos temporários...
2025-01-17 15:26:45,777 - INFO - Arquivos temporários limpos com sucesso.
2025-01-17 15:27:45,813 - INFO - Iniciando pipeline de ETL.
2025-01-17 15:27:45,814 - INFO - Tentando extrair dados da API...
2025-01-17 15:27:46,238 - ERROR - Erro ao extrair dados da API: HTTPSConnectionPool(host='api.exemplo.com', port=443): Max retries exceeded with url: /dados (Caused by SSLError(SSLCertVerificationError(1, "[SSL: CERTIFICATE_VERIFY_FAILED] certificate verify failed: Hostname mismatch, certificate is not valid for 'api.exemplo.com'. (_ssl.c:1018)")))
2025-01-17 15:27:46,242 - INFO - Tentando extrair dados do banco de dados...
2025-01-17 15:27:46,244 - INFO - Dados extraídos do banco de dados com sucesso.
2025-01-17 15:27:46,256 - INFO - Iniciando a transformação de dados...
2025-01-17 15:27:46,262 - INFO - Transformação de dados realizada com sucesso.
2025-01-17 15:27:46,278 - INFO - Dados carregados localmente no arquivo dados_processados_20250117_152746.csv.
2025-01-17 15:27:46,279 - INFO - Verificação de integridade concluída, sem valores ausentes.
2025-01-17 15:27:46,280 - INFO - Limpando arquivos temporários...
2025-01-17 15:27:46,281 - INFO - Arquivos temporários limpos com sucesso.
2025-01-17 15:28:46,359 - INFO - Iniciando pipeline de ETL.
2025-01-17 15:28:46,360 - INFO - Tentando extrair dados da API...
2025-01-17 15:28:46,652 - ERROR - Erro ao extrair dados da API: HTTPSConnectionPool(host='api.exemplo.com', port=443): Max retries exceeded with url: /dados (Caused by SSLError(SSLCertVerificationError(1, "[SSL: CERTIFICATE_VERIFY_FAILED] certificate verify failed: Hostname mismatch, certificate is not valid for 'api.exemplo.com'. (_ssl.c:1018)")))
2025-01-17 15:28:46,653 - INFO - Tentando extrair dados do banco de dados...
2025-01-17 15:28:46,654 - INFO - Dados extraídos do banco de dados com sucesso.
2025-01-17 15:28:46,665 - INFO - Iniciando a transformação de dados...
2025-01-17 15:28:46,669 - INFO - Transformação de dados realizada com sucesso.
2025-01-17 15:28:46,684 - INFO - Dados carregados localmente no arquivo dados_processados_20250117_152846.csv.
2025-01-17 15:28:46,686 - INFO - Verificação de integridade concluída, sem valores ausentes.
2025-01-17 15:28:46,687 - INFO - Limpando arquivos temporários...
2025-01-17 15:28:46,688 - INFO - Arquivos temporários limpos com sucesso.
2025-01-17 15:29:46,731 - INFO - Iniciando pipeline de ETL.
2025-01-17 15:29:46,732 - INFO - Tentando extrair dados da API...
2025-01-17 15:29:47,022 - ERROR - Erro ao extrair dados da API: HTTPSConnectionPool(host='api.exemplo.com', port=443): Max retries exceeded with url: /dados (Caused by SSLError(SSLCertVerificationError(1, "[SSL: CERTIFICATE_VERIFY_FAILED] certificate verify failed: Hostname mismatch, certificate is not valid for 'api.exemplo.com'. (_ssl.c:1018)")))
2025-01-17 15:29:47,023 - INFO - Tentando extrair dados do banco de dados...
2025-01-17 15:29:47,024 - INFO - Dados extraídos do banco de dados com sucesso.
2025-01-17 15:29:47,034 - INFO - Iniciando a transformação de dados...
2025-01-17 15:29:47,036 - INFO - Transformação de dados realizada com sucesso.
2025-01-17 15:29:47,051 - INFO - Dados carregados localmente no arquivo dados_processados_20250117_152947.csv.
2025-01-17 15:29:47,053 - INFO - Verificação de integridade concluída, sem valores ausentes.
2025-01-17 15:29:47,053 - INFO - Limpando arquivos temporários...
2025-01-17 15:29:47,053 - INFO - Arquivos temporários limpos com sucesso.
2025-01-17 15:30:47,397 - INFO - Iniciando pipeline de ETL.
2025-01-17 15:30:47,398 - INFO - Tentando extrair dados da API...
2025-01-17 15:30:47,697 - ERROR - Erro ao extrair dados da API: HTTPSConnectionPool(host='api.exemplo.com', port=443): Max retries exceeded with url: /dados (Caused by SSLError(SSLCertVerificationError(1, "[SSL: CERTIFICATE_VERIFY_FAILED] certificate verify failed: Hostname mismatch, certificate is not valid for 'api.exemplo.com'. (_ssl.c:1018)")))
2025-01-17 15:30:47,698 - INFO - Tentando extrair dados do banco de dados...
2025-01-17 15:30:47,698 - INFO - Dados extraídos do banco de dados com sucesso.
2025-01-17 15:30:47,706 - INFO - Iniciando a transformação de dados...
2025-01-17 15:30:47,711 - INFO - Transformação de dados realizada com sucesso.
2025-01-17 15:30:47,722 - INFO - Dados carregados localmente no arquivo dados_processados_20250117_153047.csv.
2025-01-17 15:30:47,723 - INFO - Verificação de integridade concluída, sem valores ausentes.
2025-01-17 15:30:47,724 - INFO - Limpando arquivos temporários...
2025-01-17 15:30:47,724 - INFO - Arquivos temporários limpos com sucesso.
